119557
119929
792738
120353
119739
700236
281771
742728
281041
465625
120061
34882
120057
119917
296357
276358
857173
119548
603412
120157
148369
119778
784219
280973
792722
120134
120177
51495
148441
120129
120147
119509
119945
253054
731363
314738
544926
149819
148239
465259
101576
718207
119536
821824
119650
432201
295999
101367
119579
147902
162421
119990
119591
48638
771392
789988
119572
119789
826861
465158
119665
119786
633547
730845
104195
438816
65396
647543
731270
655276
296000
176582
119677
120187
119938
101978
120198
314845
314855
119760
280951
119647
119751
119732
119837
759688
281170
482694
277184
119856
145008
120206
296062
784584
798860
281583
102039
119890
119623
553488
82518
119626
837989
391756
148117
197596
119691
120208
101269
120181
120223
130284
406277
119587
119760
207762
14292
120018
465362
120053
255248
206219
3189
241449
358738
122208
119560
120098
119502
409790
252646
252793
48510
119563
101710
854181
119516
388734
315515
250133
119564
798759
120281
252978
119935
324932
120277
712323
120019
148209
793339
120048
731263
101629
842165
753644
31397
48349
281224
281321
465588
120274
120335
119702
120233
123670
281753
281527
119806
546703
788398
162336
120219
148541
768441
408043
120257
841845
314247
120333
147837
119786
364081
281293
120011
731407
119709
314642
120144
120073
119499
120023
281039
120277
429269
148046
119494
101450
119991
101628
315406
323324
49008
119695
465739
119985
119828
120203
226580
120270
516035
48893
237660
119988
792566
48659
119601
465381
730683
119625
120010
119909
120172
229824
119529
86377
227954
120209
30577
119969
252710
120198
400621
120260
465518
120181
119503
315039
119748
281322
314996
120143
119872
119657
833997
119499
253526
253528
465203
253032
315313
314648
315086
119936
209373
119821
730778
110525
120086
120156
375102
238824
746474
119884
119514
295579
608343
119676
252747
119477
465637
120168
101985
21626
465683
120304
119568
120150
120234
119567
793075
129474
119621
119778
255360
465426
281752
296228
128592
48396
148452
135127
295967
566444
295893
731290
177840
119517
119491
281327
43294
120243
147974
82084
119732
281648
120207
120344
120209
119681
129504
68792
119840
315223
793351
319854
101398
120304
694756
330856
194256
717695
149568
119699
119731
280998
48554
119933
120293
730911
792740
119927
120017
314816
465925
119531
252986
119958
253396
119830
119527
34121
119658
252985
780069
731190
658375
119984
120298
281675
572604
120336
120193
731134
493537
315054
48771
120019
828694
465935
120098
120294
252925
139045
126768
120269
793115
119942
120249
9384
119844
119766
252752
253234
312106
101866
17918
119689
119703
192432
48591
252783
331968
65010
119596
747968
315341
119865
119554
465156
119670
208505
432016
100588
49214
119884
731383
119884
641786
253524
370374
119831
119673
661589
465370
214563
460875
190173
352944
642702
563157
465533
466007
148000
170544
493279
841219
49106
272310
210726
119708
42200
465366
120315
296322
792616
500688
148567
119854
119484
119959
365023
730527
119558
120341
120113
793212
792694
315346
604517
323760
119842
119731
119610
314955
239856
155040
119769
107356
315092
253092
583454
141360
120221
318288
315240
120180
120059
259232
119592
655665
119498
354519
148336
119715
101809
580451
752163
147919
120304
315043
792790
465139
119714
48909
281450
119954
296241
846791
148035
120311
253466
120057
831567
743805
