40 33 30 4 3 33
wsssddww.aw.dd..ddds.aww..s.aaaaa
.sa...dwdsa.dsd..awsds.w..awdwd..
..a.sddad.s.aawaasa.d..wsaads.dda
a..dd...w..wa.d.asa.sw.sd...sddww
aadsw..w.s..was..ds..wwass.wwwdw.
...aas.waa.dsw.wdwd.a.dd..add..dw
s.s...wa.ddd.wad.add.dsw.ssw.as..
dd.a.sddwd.d.w.s.ddws.d..sd.ds.aw
dd.asaw.s.s.ad.s..dwdas..dd..wwws
as..w....daws.d.dwwdw.ad.dddwww.d
ada.ddwds.s.wwaaw.ddds.dsadwddsa.
d...aws.as...daw.swsww..ds.awwawa
swad.wa..a.a.dadd.w.a.sww.aw..s.w
.swas.ddw.a...aw.as.d.as..dwdwdsw
wsasd.wdddwwa.d.w.ssaa..w.ww..ws.
sawaawdaww..s.wsaa.w.ds.dsaddds.w
w..dddawww.a..waddd.ds.dd.d.d.wws
..s.w.wsdw.ds.dwwdwwdaadsd.wd.sw.
.s.saw.dwdw..s.a.add....wsa.sddsd
.dw.ssasa.awdw.aa.aa.s..s..dwsaa.
.s.ddaa.sdw.saw..d.s.ww.d.adds.wa
wsa.w.aa...w......s.saaw...dd...d
awwdsas.daws..sa.dsaadd.s..w.dads
.ws.d.a..wwa.saaaa.s.....s...ass.
w.ssss.w.sdwwsd...a.d...w.aa.ww.s
ssd..wwdwswds..awswdw...ds.s..s..
a.ss..s...wa.a..aa...sa.......sd.
wddd.a..sda.asss.s.....dww.as.aw.
dw..s..w.s.a...wwa...wa..asddds..
a..a..s.dsaw.w.s.wwa.ss..daaws.a.
.a.w....sds.wa...s.s.w.wsda.wwa.d
sssdw..a..dd..w.adsad....d.s.d.da
s.saw..a.sas....dada.sdawwdw...dd
saws...s...dd.aaassww..swsd.wd.a.
w.adsw.wawwwdddssdaawwdaww.wws.ss
.sdad.sws..sss.s.a..a...w..as..d.
wadww.aawd.adaassdwdsd..d.ws.wswd
w..wwdsw.d..a.saawwssds.wa.swassw
a.w.dsads.ad.s.wadsasad.w..adadsw
wd..aw...ad..w.waaas.asddw...sdw.
