50 50 1 1 50 50
s.s.aaasdddw....d...aa.a.wdsw.d..ssawdd.ddw.s.ssaa
dsd.a......wa.sas..s.s.w..wd.sa.aws...a.awsws.w.aw
ddddddds..s.was..wwdwsw..aa.a.ssadawa.a.d.a..wsdd.
.ww.s.sdddswads.dwa.wssdd.daaawdd.ds.wdsd...w.w.da
.s..d..ds.dddwsds.ddddsddsawds..adssa....ww....a.d
awdssasds.dwdwdddddw.ddwddsdddddswdsdsww...aw...ss
.ad.aa.adwwasaasada.w.d.dddw..w.dwaddddsasw.ad.aaa
..d.aa..swads.d.s.dsw.dsaa.a.dssdd.sww.swa..as.ss.
.wa...a..asd.a.dsdsa.a.ss..wswass.a.wwwdsswsws..ww
aaw...d.d.aa..a.awswwa.sw.d.sdada.wds..sawwwdasa..
a.sddd.waw..w..ds.....ds..w.swwwss.ss..swdsswds.wa
addd.ss..s.daas..dass.s.ws..s..w..wdd.dds.wdddsdda
.a.s.a..w...dddd.wd.d....ddd..a..d.wasddds.wdds.ds
.s..sd.s.wwass.sss.ww..w..adsdsd.awaa.w..sswaaddws
..sw.dwad..dws...ssdwaaawa.d.s.dssd.s.a..sawass.ws
...s.adsasdsaaw.dasaw.a.sdaa.wdswwaaa.w.dsddww.was
.d.dww..a.d.wwwwd..wawsadw...da.ds.w...ssdww.ad.sa
w.d.w.wa.a..adaddssdda.......sd.d...aw....dsw..dds
w.d..ssdw.wwsa..a.d.aw.a.aasd..w.as.wd.s.wa.dsasaa
aws.ww.ss.w..adw.wawsasssdwa...wsdd.wswaa..a.aasda
s...asd.aswd..w..asd.a.swd.ds.ad.awwddsass.d.ass.d
dssdadww..wwa.d.saa...dsdsds..wswas..a.dds..dd.sws
wwd.saaaw..d....a.s..as.sw.adw....awwaa.s..sasaads
.dw.a.a.w.s.s.s..wsdaw.d..aws..sa.wa..adwsw.sdsadw
.s.s.awa.sa..aw..swaddsa.wsadwsdsswss.s.sa.aa.s.d.
d.asaswwdw..a.aas.....sd.ds..a.s...asdww.swdddswda
wd..d..awws.wdww..dd.s.ds...a.was.w.wsads.sawwdsw.
s..wsaw.aa.w.s..sw...ad...s.d.wws.aaa.wws.s.a.asa.
aw.a...w..s....saw.sd.ddswa.wd.a.sss.dw..wdawadds.
wss.wdsd.wddws..d...wsaaa.dwas.waa.dawdw..ddawwwsd
.ssa.wsdw.d.dw.wa.as..sawaaaaa.daasadada..sawsasa.
s....saw...d.w...d.ad.sas.d.dwsaw.wa.wa.sswwdssdds
dd..as.waasa.a.a..wwd...sd...d..w....wda.w....dd.s
asaas.waa.s.d..dad.wsw..s.sd..sdddd.dwd.wa.ws.ddsa
sds.adds.a..asa...a..asad..asswwsa.d..ds.adwad.wds
ssd.a.wddsa...ssdw....s.dw.s.adwss.dsad.saddwwwsaa
.sd.swaawsddws.w.dwaw.ad..sdwdd.w..ssa.w.s..s.asd.
asdsawwawdwdswaa.wsaasw.ds.a.ws.aws..a.a.s.a..saww
d..a.s.wdw.saaa.s..a.aa.s.a..ws.aaadw.a.dss..adswa
w.ddws..aa.ds.saad.sa...dddsw.ssw...d.wdd.dawsddds
sadd..dwwasaswaa.dw.d..awasd.s..a.ad.a..sdddws..ss
sw.w.a..ww.aa.dswwwwddsd.w.aasa..s..s.sssd.w..d.ss
sdwaaa.ds.sdaaw.d.dawa.sw.d..das.wdsd.d.ds.dw.w.ds
s.d.dww..dd..a..sa..aws...dd...wd..dssda....ddd.ws
dd.sw.swa..sdw..d..s.wd.d.aaadadwas.awssd.sds.w..s
asd.as.dw.w..swdwdd..wadaadswsw...wa.ww.s.dwws.aas
saa.d...w..w.adwa..swws.sa.ddw.w.d.w.dsaawdaw..aas
dssdddwwsa.sawdw.sa..daas....wwwdsws.....sswwsd.ws
.d.wd.w.s.wsawwsdw.da..w.s..dawwa...a.dad.wdddd.ss
d....d.d.sddddwaad.sd.w.w.w...wswwssas.d.saa..s.ds
