40 33 30 4 3 33
wsssddww.awdddddddds.aww..s.aaaaa
.sa...dwdsawdsd..awsds.w..awdwd..
..a.sddaddswaawaasasd..wsaadsddda
a..dd.ddw.dwa.dsasassw.sd...sddww
aadsw.ww.s..wasdddssdwwass.wwwdw.
...aaswwaa.dsw.wdwdsa.dddsaddw.dw
s.s...waaddd.wad.addddsw.ssw.as..
dd.a.sddwd.d.w.s.ddwsddw.sdwds.aw
dd.asaw.s.s.ad.s..dwdas..ddw.wwws
as..w.w..daws.d.dwwdw.ad.dddwww.d
ada.ddwds.s.wwaaw.ddds.dsadwddsa.
d...awssas...daw.swsww..ds.awwawa
swad.waawa.a.dadd.w.a.sww.aw..s.w
.swas.ddwwa...aw.as.d.as..dwdwdsw
wsasd.wdddwwa.d.w.ssaa..w.ww..ws.
sawaawdawww.s.wsaa.w.ds.dsaddds.w
w..dddawwwwa..waddd.ds.dd.d.d.wws
..s.w.wsdwwds.dwwdwwdaadsd.wd.sw.
.s.saw.dwdw..s.a.add....wsa.sddsd
.dw.ssasawawdw.aa.aa.s..s..dwsaa.
.s.ddaa.sdw.saw..d.s.ww.d.adds.wa
wsa.w.aa..ww......s.saaw...dd...d
awwdsas.daws..sa.dsaadd.s..w.dads
.ws.d.adswwa.saaaa.s.....s...ass.
w.ssss.wdsdwwsd...a.d...w.aa.ww.s
ssd..wwdwswds..awswdw...ds.s..s..
a.ssddsw.dwa.a..aa...sa.......sd.
wdddwadwsda.asss.s.....dww.as.aw.
dww.s..w.s.a...wwa...wa..asddds..
a.wa..s.dsaw.w.s.wwa.ss..daaws.a.
.a.w....sds.wa...s.s.w.wsda.wwa.d
sssdw..a..dd..w.adsad....d.s.d.da
s.saw..a.sas....dada.sdawwdw...dd
saws...s...dd.aaassww..swsd.wd.a.
w.adsw.wawwwdddssdaawwdaww.wws.ss
.sdad.sws..sss.s.a..a...w..as..d.
wadww.aawd.adaassdwdsd..d.ws.wswd
w..wwdsw.d..a.saawwssds.wa.swassw
a.w.dsads.ad.s.wadsasad.w..adadsw
wd..aw...ad..w.waaas.asddw...sdw.
