80265
32954
74427
61258
37440
78056
85860
61632
65526
32439
18148
68414
73672
11270
97981
67784
99909
88987
31853
2924
8570
30573
72016
32954
19015
10340
89758
44369
98594
17403
72908
72470
46061
61736
37137
8413
65521
60465
6970
86802
70525
52682
60086
97398
15362
97810
5507
12223
71546
97131
31607
98594
80400
84828
61878
89814
59718
48495
65948
79454
28037
73286
73239
29810
43470
58286
23751
15237
22621
89162
18777
37126
65535
57165
85385
81214
52726
53778
56374
63143
52823
3517
90596
52509
68366
72314
91108
42728
6188
17183
9932
60445
2889
83707
39434
17296
85899
5613
38115
85871
20003
24763
75625
91389
54002
42643
15205
20195
72753
32252
94340
50585
76109
57951
37327
92364
22636
48089
89255
92120
43209
52682
94975
59182
97797
72148
10602
58765
83804
14364
83837
36450
13103
35327
83103
31562
79973
87857
1652
43798
78320
79721
90770
85470
58209
82071
29999
12476
40565
82826
61569
33339
65816
98747
51245
31171
65118
62055
44410
30036
5613
34401
96678
24333
27666
72441
49783
23107
42099
71436
17693
54131
48991
54892
46444
31171
93134
14648
57646
29157
81960
9428
28309
97917
48495
90034
52884
14018
28090
90704
74570
52620
65166
38151
97645
18152
35
87975
48212
88635
84191
22337
56788
41443
91380
16116
63476
97522
77832
62924
85053
64977
43557
25197
51145
68627
1487
39931
67731
37792
54456
54070
64365
46113
28951
81275
87975
38224
37943
44546
72441
69548
57841
94223
11827
22356
40188
97874
43550
36126
39420
91810
49783
12657
4809
10982
90704
10171
18896
62059
68040
19143
5627
46061
94077
38836
32113
55000
99909
5970
23058
24333
45890
33399
88205
46492
24044
46890
34678
97564
13053
43736
13644
55184
59420
97378
27748
31649
65816
64193
63909
69886
18391
11718
39897
40565
80879
48058
1257
61779
17614
2733
19411
18028
89749
27356
45869
84478
82144
84435
84478
80705
64133
55647
31464
81571
7312
6330
60533
71436
21601
77463
57669
46424
55562
45591
32656
2707
66085
13148
80268
36435
42525
51096
63398
67282
78966
46295
21293
99700
62202
60837
55668
64384
34940
38308
20180
62119
28050
53029
22181
94747
44305
84828
35789
95840
29972
22106
96482
98794
38743
26808
40518
46789
95448
62055
29396
854
43698
71299
58877
31946
73778
86781
24368
92327
37182
38186
68388
71533
81699
59531
12223
70052
49932
87836
83181
29030
2829
46295
79689
14018
73151
26474
56307
8413
52529
30957
88585
209
23054
2033
97917
60138
15877
40284
76385
64290
54449
43260
20368
20542
46107
5344
51325
17666
5627
41557
94975
7720
69079
42728
51911
33090
50730
62293
69428
62148
91342
35418
9508
81598
62293
69535
5714
57813
17493
25042
75859
93606
64220
69597
44969
24193
68450
42750
68070
78611
5091
91158
54848
63398
62178
31094
57166
45583
993
7065
8888
71357
55722
4198
19505
60533
51239
33051
15489
18741
35
51103
57002
35286
49172
99455
84449
39839
80115
57883
74120
11990
64323
46208
37126
86650
4273
62039
13394
36830
70674
10852
18041
90886
40565
82923
72364
87404
52934
63055
82794
53520
73262
19565
4413
4390
55876
50585
38836
35274
37664
53949
40719
60387
38948
75859
85157
85131
99700
46141
83605
99902
9884
80667
73796
99631
29950
60767
60770
65646
90652
79421
29136
93113
22429
88554
63540
64806
73801
92085
45354
41963
48984
33864
61553
57821
80000
4273
51191
54275
9281
38743
12476
64290
24044
96906
34510
54410
79737
73474
84770
61467
6712
44546
56307
65118
25966
13287
95001
1325
59517
77657
25471
52090
78440
72913
10440
63143
92989
45987
64365
751
426
81935
592
16412
30036
65521
12443
48006
64520
29555
46113
51003
57813
46789
21927
14587
77291
59987
94826
77212
91941
74703
62642
2335
53431
864
16216
53123
75859
22171
20255
92363
46519
50513
8988
40577
15988
93168
55511
26854
38508
34162
5244
62727
88774
83195
34107
72273
25966
72367
69176
28792
54848
19345
89342
54633
88691
10491
42343
58452
65005
20218
11698
61878
72844
58980
87188
12109
94131
95747
16167
19104
59480
15794
75587
79962
92381
12021
7101
93749
42766
58391
13538
21653
1248
2987
36666
40229
60559
51604
90643
27818
85977
97651
43803
56171
67433
31347
65482
2722
1197
3606
68718
25823
43610
22174
36775
5714
45756
99718
86991
41867
61181
26157
56318
53822
87404
75254
16938
69293
69353
64451
51199
5789
12657
63394
74495
72260
5091
69587
78481
97917
5937
7685
80319
36458
46492
40956
91291
18317
53632
59083
44679
74570
51317
72273
20940
87404
62279
97384
20646
60621
74084
63920
98231
33936
22926
370
88108
37474
25227
86069
36132
49902
89300
76385
61119
42099
6970
7312
46833
16116
62943
95743
64122
43967
70074
48132
88393
97316
23751
18350
59057
74120
96551
84820
87190
46863
63467
71970
97810
59430
72260
25993
69631
94310
1196
69834
90728
63422
85948
74805
90034
24431
96482
31290
4410
86983
50412
47916
74674
95457
38299
22027
33143
31362
45136
34162
36909
46516
15593
27262
72528
21820
81960
33653
85760
88040
18028
86069
87927
46420
87490
34107
7153
51199
19321
70713
6832
35359
7799
32357
94134
417
4273
4190
83606
1227
31485
13695
58840
69842
33302
34107
36450
55647
39299
88585
68777
40371
78878
11569
74711
93225
51733
66148
23693
76001
67433
29157
54892
66191
31135
681
84828
14456
51733
92921
81309
18054
71092
76992
38115
99855
97517
7887
43741
30241
22027
37712
30573
82582
24763
31916
34209
69243
36223
85871
1809
95189
28420
79316
751
3405
59868
48984
91117
32691
23751
69243
65054
87715
50851
57571
17614
61134
61352
33031
625
58987
25204
30036
73798
92357
49783
88437
95224
67051
56004
22459
94077
90540
22459
17020
3952
58113
74424
9932
37780
79283
50503
91687
5357
72753
63731
70116
90472
80261
72640
27282
77262
75636
9311
76109
63055
34986
18134
58047
1477
61182
5476
67265
33143
58143
68113
85871
25489
63863
63143
13236
79351
52358
78639
9130
29294
75078
75552
27193
37736
61505
88071
93225
70872
71510
4391
83665
99365
49380
48789
34073
89758
28347
77291
39268
69461
94575
37780
37780
71546
31396
83299
11443
58391
53487
13605
85047
72324
76227
14843
17845
15544
32032
59442
95598
25471
56776
66649
149
42006
94161
69834
12613
4606
49536
73444
27231
86069
33257
85417
31097
84411
12075
91947
57300
21885
51191
98947
44959
12101
14970
21697
82640
19015
22672
9836
60843
82753
76234
58119
5093
39420
34829
44594
84931
56318
25197
98795
3550
66584
58267
60704
85549
85600
32188
56346
64715
12443
22963
51536
68718
31662
27698
93100
28309
67076
80640
24262
58794
57890
61066
5093
87629
56408
66674
5125
93457
94310
80431
51674
18007
24229
55169
88205
68426
44969
85047
65544
51027
78639
55169
93923
91331
12892
70836
65507
94856
87319
15494
81064
33990
36660
88900
30923
42343
70170
25386
67929
24866
29858
54121
11531
5503
86983
10008
41443
22745
97874
16697
74858
77679
2890
79962
50250
42750
2341
70251
24229
97136
58815
24044
44464
78498
24780
4181
5125
36375
2234
70160
54408
64806
54121
18149
87823
34753
23081
6170
83341
59182
78642
44450
52602
39897
28037
66535
50072
44969
73745
96335
38135
85619
34027
56478
11773
95191
66730
97528
56788
38906
18149
25036
69597
60907
6928
49930
40577
93516
2829
74568
74318
29118
18809
48388
11615
50759
79567
30271
88585
26583
27751
53923
63493
15877
10252
32112
93113
32456
54878
34937
37736
24560
87470
33112
71043
73586
84770
80149
81784
11936
62427
2291
67178
53909
71167
8643
29993
60122
62663
17778
54277
24760
73262
45136
3136
86831
48495
17472
962
68718
81919
23181
98569
950
46928
26579
30111
16216
30455
49572
24998
81047
7891
3670
50412
96663
27001
89749
94575
26822
75846
94833
68830
38682
66008
15484
33557
88069
86849
68301
79105
59058
86326
63483
83605
51317
99981
33143
52061
95665
31493
83447
87837
97451
23058
60204
40623
80268
27297
11113
57602
49716
24479
62355
28333
23700
63704
81257
26808
30711
90652
63956
69293
71041
79737
49570
18070
14416
47790
59778
46617
4469
34162
77639
54990
61181
4965
63540
10852
53545
37163
34829
55286
11126
28763
4532
51245
66371
87989
51245
90642
45962
53059
27269
59013
44147
3952
25758
60770
18118
29118
5970
72821
92120
81699
53949
57876
80466
26923
85358
83636
35484
71175
90253
13467
2826
94340
88635
14159
46099
10828
45591
73586
13813
42006
64794
93507
58596
15889
19630
4332
86726
5714
57141
51493
1108
87675
80018
937
74935
76954
70017
91604
39425
87558
23664
33855
14587
72654
80205
74084
46687
85547
77291
82469
60008
99824
49879
85137
56788
99472
93515
83567
33257
27269
99258
92036
88592
71041
68082
1679
26914
9351
52363
20928
44095
67030
93061
25071
96482
49609
60410
21694
4531
12443
24229
93100
10589
72449
6848
83717
50837
66242
70752
30892
75742
5566
98144
71436
9656
89755
65416
11270
94077
38699
90176
76272
75222
85047
21720
65726
93225
33280
90473
45101
71785
22112
54770
81242
94794
92909
34027
34299
69717
74820
78321
90726
56962
52116
9141
95867
29030
85549
72565
87857
59718
37878
99902
39282
60783
76611
25993
26691
75197
84684
5613
37465
81833
57821
8058
55562
33492
68210
94900
54310
5613
2238
47798
87090
65646
65794
36082
65068
87014
48582
73443
97978
35418
43851
35864
50585
5714
31464
91320
61041
78878
10370
24998
64616
29667
97384
3562
72997
89613
14509
27040
65881
34182
52116
52823
63455
46482
27538
84899
74980
86726
38247
10762
31362
91848
59442
11346
60148
85131
63386
73239
88691
20306
46066
15658
76954
79261
84432
18103
78961
93252
95191
69157
80485
20238
59222
82923
60249
23569
76470
99782
85038
1112
7891
90052
13083
51797
42099
76247
42770
58452
24388
82717
71170
35547
54526
76188
23230
38247
31485
56350
12101
94231
2666
20829
69842
52078
43111
87206
96401
5557
29555
77365
78671
59430
19163
35065
19658
92132
26434
96202
39686
68905
73195
90216
68810
62749
48984
34986
22112
3059
85038
93516
20639
58385
2305
97543
63143
72134
35567
37943
41794
4449
37265
63386
97657
96866
11618
12241
71162
68453
60195
12021
52943
98237
48991
13440
39769
23751
54310
43553
72518
69597
64794
46694
58047
74754
18881
82437
21220
15484
52246
46863
62161
49237
48086
97748
14843
5139
26212
74980
71058
5970
44128
91389
24966
81706
88519
17183
13696
65948
62373
68602
57023
14881
21720
74886
1151
89255
31916
49355
35794
65404
42786
71043
49647
22624
63763
98144
65118
12704
29963
72394
51442
37449
55200
83043
64836
33051
56481
95287
7685
9977
68090
47377
81706
74674
31154
56171
12982
24048
64323
21489
62157
87295
88678
37322
17753
7524
94123
72367
50328
78440
1679
49932
56318
70116
68912
91206
32965
44067
97015
15650
75274
50712
71162
75007
19807
86181
22709
4331
65535
76883
90121
80485
18149
76424
69074
95859
51797
7884
62293
20645
73151
32881
60728
80149
65118
32637
8275
63067
53059
59987
91823
57909
42637
15205
25510
81387
9368
32858
35548
82696
516
49329
95419
76321
58962
84111
86650
68621
54131
60050
25773
99472
97799
32510
94239
56195
73586
95027
81473
60194
4264
4390
45890
59661
55299
33090
75254
49572
78540
32215
73586
88957
62729
22140
6576
17956
63483
80211
12476
42529
69428
81136
82118
405
75636
43698
42021
55224
17329
30087
21021
92214
93681
95867
72033
38800
45524
78256
58745
98472
70116
95993
46221
18053
51103
55717
9894
70968
43434
38906
53232
78210
58896
12010
9508
80160
26593
29395
97528
26823
24314
99014
47457
27818
98906
72565
29667
74711
55647
87083
13121
2386
65521
46643
25125
76046
14721
94876
99206
1494
15650
29972
63036
85549
69174
53027
25313
39425
31406
79421
10602
31384
16999
87556
46929
70300
89669
24599
80705
64867
1935
22259
16116
11826
1401
19377
88774
38231
51096
4965
88071
80673
22602
17439
82864
344
91163
7966
16896
91423
38986
51336
22112
49236
15657
28792
3348
90642
90831
93866
89358
49607
64422
42099
81114
76206
65606
43736
42342
51890
14648
51041
88957
370
19243
81482
50317
55423
40763
19998
592
49329
33390
76787
38508
33521
86386
62059
53990
88115
58799
42577
86781
34792
72771
51778
89244
21889
80705
91108
93516
43247
96937
87609
77671
99292
63975
31900
67973
58896
84107
35064
27262
94134
26914
30645
56481
92363
78498
21725
81041
68180
8650
76281
69293
22845
5731
24284
41963
91674
55562
2721
95377
49967
1527
89669
42577
72273
85317
74645
91127
4080
38546
48725
11723
23113
60536
76036
97258
9372
45524
76126
56195
80772
22201
15035
38348
23963
44305
26914
19505
15889
11531
5018
30007
37127
6356
90052
25740
23425
18912
80400
56196
52663
39189
27001
79421
70052
13064
42971
64694
33653
12488
91163
69886
84587
61997
53486
17283
751
7799
12075
73672
48915
88585
54526
38462
85194
5944
83450
12704
85871
13538
80264
1809
72003
62117
15489
21927
50412
97302
37840
93225
82416
43209
87222
46789
15590
75884
44310
97832
56456
93827
93672
38508
26822
9281
2822
94134
53632
14374
74313
38047
10370
36949
18381
86069
46643
42577
32113
59095
88069
5244
60770
43963
96685
58391
58765
29775
18391
67045
6045
22548
16116
48212
9311
8202
84791
58530
52782
53802
99037
48861
68609
95202
41854
76321
17100
2386
42929
4965
18007
98509
79401
86902
43372
94290
56686
38569
2914
89162
87914
92364
6620
85549
51145
5714
95373
84581
85526
78091
62471
66899
39122
87809
84743
32909
7316
39299
24388
50292
56331
61753
5344
85571
66615
84191
71167
29530
63920
44075
13517
94900
17810
76794
60620
51235
72521
53098
81281
10643
21725
9194
62729
61182
93113
37739
89755
4032
68210
91284
86720
69717
7153
48144
15560
66584
17909
56692
46643
1259
11945
36375
90472
83804
80160
88973
5013
18118
97759
7297
1275
95027
99156
96162
83825
7900
32367
48521
4937
6848
43830
34765
93169
36666
28948
39993
76311
21427
40441
12006
36430
66584
69074
80854
71546
60460
39708
90140
97178
37265
23230
37904
29734
76688
42900
61423
83861
37562
57910
46061
49822
73570
88115
46226
43434
22332
13467
77066
78649
44896
98231
37965
68878
19446
44959
47154
51512
97302
88068
62937
8570
36666
34073
81919
95189
85047
41466
28781
91342
22429
7580
77657
40162
33339
4331
76822
23612
76684
61421
78338
58471
89255
25386
79002
1457
75587
31607
37411
76638
23693
20639
47457
33492
6356
10753
40207
66143
19104
74935
39897
10521
28363
34510
60796
81261
4181
96482
93134
6359
99472
26109
39780
29470
6359
97978
16389
191
54206
50399
84382
69933
87916
47272
98591
21975
48132
51046
52078
31723
52788
60621
63055
13375
43708
43782
46264
93457
9318
24746
17185
34698
15075
49932
62178
97906
24676
65551
68602
10868
49967
57248
68442
19275
68090
79283
65141
93076
4266
69186
9141
78447
4410
25313
91687
46863
29136
99608
16261
48302
69444
70752
75552
91101
24229
77291
37878
608
22713
33031
66348
1257
51191
86983
68627
65686
46833
42787
54464
76188
36909
39277
3932
28295
77728
60249
66945
33492
21729
31562
4283
38584
74133
46099
38562
51041
53861
76424
54526
51103
19542
35782
49572
99703
36424
63483
10370
34952
90473
87216
76490
94134
83450
76954
16938
5559
24280
1280
52246
81824
11698
90770
69293
84382
81325
22529
17675
98947
65280
15877
76768
93077
99912
70562
28111
42750
81238
69632
6576
47798
10871
39425
51512
66514
26050
67800
84828
88430
61680
63400
36775
97258
71175
52892
13695
32043
12982
97543
16216
19023
66227
14437
94611
15493
58072
43568
91687
39282
51245
89162
73670
39470
36775
9281
86692
96866
62800
1477
16661
39536
26652
43930
64389
75636
52078
52221
6170
35240
29674
85264
75871
39268
70756
94701
3667
93457
51911
22377
72849
74805
41072
62452
59420
68672
11098
29950
54604
34726
80061
76256
65280
81473
98144
5093
27431
96135
55730
5314
74867
28323
11936
49570
34241
12849
89300
98511
76487
10744
5344
23664
70201
33143
65630
14356
46643
300
89119
12704
68272
83985
50503
27818
50503
35824
49046
18287
85619
35064
33557
17434
73443
66008
27698
65526
51049
209
22545
81028
9420
99495
85571
54121
39578
27001
38186
13375
61020
71482
67402
51733
58072
60772
77801
2526
26781
22788
14894
31295
7900
73195
50013
2196
96188
28347
75274
70337
85995
8101
33855
37265
35567
47618
29884
5242
62373
50632
66348
73243
24599
86811
73586
31591
50092
61141
92664
97436
7101
47013
54464
36375
65816
73586
76558
52037
5019
9281
42728
26578
8846
2744
25421
38474
64384
79915
66981
87975
80998
60783
77324
99703
98795
76490
90652
92381
81387
46833
6330
35717
96583
2649
7228
61579
87146
1
58072
48165
73801
45890
68934
55324
56788
36949
21889
27081
1325
37890
49165
62551
17361
60148
69079
85759
63394
60254
72528
6635
58568
63439
26693
7524
55082
64201
99947
25036
89459
29752
90778
97657
94699
23522
93775
62178
99472
19630
43209
24479
49264
64119
68547
34510
32409
81184
81309
13538
40719
77585
69014
21656
70927
15205
34937
70201
99521
38743
22788
12509
17555
80662
11723
82696
17909
80854
13817
92357
25229
36949
94131
35701
81133
76954
9907
28623
13257
28309
97799
87190
75587
56529
95386
7178
44120
4429
79607
3606
12906
44955
72654
69074
7240
8101
7788
46903
36909
7317
45763
27229
82416
15545
42577
53433
24560
15593
17190
22874
7317
53486
92364
58574
94794
60796
67433
55730
56959
74058
90176
17296
67045
77524
61041
34940
50399
74645
98569
11372
23621
38213
68090
51890
38719
46381
80336
50635
7966
97564
82864
82826
15035
89288
91284
46208
18401
30215
48894
90028
29396
50072
81470
90609
72457
61485
46304
45600
56478
15721
91681
19639
81699
60050
74096
28363
58267
48915
53487
61569
54143
39277
2706
29078
34343
4032
81242
78338
74620
51991
5307
39082
9428
45565
15128
23409
27297
36113
76794
28971
53639
32146
24178
7170
43795
35561
46516
65005
42099
39577
42006
26914
19138
48086
75742
25079
64479
10643
80256
34765
33004
84185
30846
14509
25352
94876
20194
61829
66945
12006
45970
75021
60770
541
76293
41854
60312
95576
26929
66578
52896
34251
34018
7360
12421
11533
7228
31871
30036
32218
55562
59480
10370
34081
2789
54736
7297
67118
65606
80202
75846
79781
47424
18382
71170
87556
90455
81196
68745
90121
22281
60429
65794
51797
69834
26434
87604
97451
28283
88213
54604
88071
91342
91034
55717
72844
5139
51245
46226
7655
85417
80987
23664
71159
94794
68710
26781
68905
65426
63186
85470
85871
38508
42703
35443
48582
2997
13544
96302
16344
52726
38308
66730
4606
69274
5242
47964
43967
7685
18053
42006
88093
37389
67652
86417
10370
9453
60650
21697
70620
72640
39173
63218
83990
55200
6753
22027
22174
20119
35240
21729
42226
31494
39768
77262
74522
48132
59458
15237
86386
36342
14689
36694
65726
55668
13375
87948
90976
93497
4264
53088
63540
99947
49285
66502
63731
90697
92664
21505
40719
22112
84382
5244
50305
53909
58962
47022
2234
32770
23569
34804
534
39277
81546
73670
6057
52782
72237
70836
40014
43372
89755
34370
56350
21021
55169
15810
61119
5323
82456
94262
95006
62178
62129
58385
1112
46643
49814
60734
62129
3306
6413
42166
91117
18200
56926
22357
57961
69632
68621
51493
31489
57754
51303
39425
15590
31853
33699
84684
58980
26823
61421
72908
89030
37057
47658
82864
99718
93664
46833
60479
27961
86197
11372
22745
96794
11531
80221
83022
25122
29829
84920
90871
55722
42091
83285
50635
74318
16020
39564
25280
51797
4606
7297
69883
88678
61312
24551
87490
7439
405
50328
57214
59901
53433
9995
65610
60837
71041
88356
53468
25229
39993
20639
78320
40615
98013
15889
40719
14731
34776
1401
99794
72729
74133
66142
13121
38308
16999
73907
27039
84185
12685
65290
79721
52358
45461
17675
77361
99014
10521
2526
50072
54736
64977
63067
18070
88932
20398
74041
4965
13695
92900
22459
37965
17778
61569
77005
72518
24368
34306
10982
85728
10828
63192
39578
79962
47749
35789
18233
65686
79343
43431
64493
22313
26995
74084
8949
58143
32965
5944
31686
86069
88136
78173
27698
22174
71528
15794
83821
77254
46818
48633
13813
30343
48132
82148
67151
21927
61632
16958
90609
81214
38421
417
68321
87083
31832
14648
24781
41386
5877
14513
56298
28951
88932
4133
2733
625
18134
47033
72213
46295
95751
70116
59504
76247
53300
20218
91838
89358
57841
97313
60916
39082
51103
71986
45512
21697
6620
35789
29118
85526
29316
54604
50418
61553
91320
21729
71467
14881
31097
90609
56541
13813
82923
53059
19149
42124
92989
65521
51191
21092
73167
83103
60843
23906
950
83376
26781
37680
53880
80078
64017
85507
84931
51778
29462
95377
88615
54206
56776
86186
11111
33864
65646
48516
29810
6002
94833
11141
74714
31591
56686
55722
51866
3550
45878
84187
96225
47457
41693
57532
44305
96482
41869
41208
90402
57021
85977
52221
24465
23300
15075
59497
61423
74041
52339
86849
75884
44112
80466
72353
1722
84770
87002
27231
14839
85194
38299
4662
4391
51647
45763
60249
50412
32252
45102
89079
854
87661
65429
60648
68682
5382
76787
37573
52896
60843
44075
49033
34365
96202
17845
29470
37530
99501
68082
61553
92921
36859
16941
74214
65794
79256
74084
76227
24825
82826
6401
72565
19186
73167
55639
22621
13064
99799
93457
91969
6635
96718
99799
405
34209
49917
42006
37223
24388
29118
15484
61033
38173
22027
58286
42226
2066
33296
80150
99472
2721
10753
72750
53990
57669
8988
58758
72844
53632
8811
97981
5373
54070
76166
53502
38584
87090
62729
12525
24178
42529
6045
41443
17810
65752
25204
57165
608
54381
30565
59504
15545
53098
97070
97618
1397
46106
85194
16697
32367
9028
47457
35325
28038
80149
51235
90298
24993
38986
58047
69881
13236
70620
18317
9428
5139
3976
66578
24262
44862
85600
62148
33322
40207
77000
35251
91062
7360
62663
83103
66242
49220
34370
76001
97657
95322
75859
4992
42900
29336
86186
64133
12075
67652
11276
62957
81196
21969
16216
15237
32357
97131
193
21763
52663
91034
60762
66730
84731
95029
56529
51778
63439
66242
33296
33296
44955
142
223
54131
6170
26055
51216
5804
71175
33365
91117
23664
13347
32456
44407
5256
9658
78440
83099
25204
81041
75882
34753
55717
94831
65856
67602
18792
94341
84743
96649
26972
24906
13083
65947
11310
84572
37223
97131
4469
13121
44750
84042
46814
1224
71436
18287
85760
56456
35103
90034
73670
2707
21725
40239
38893
96491
61066
16389
94239
15319
18152
55084
26434
26923
67576
81919
31347
5371
60671
59222
52518
95377
56776
35103
12101
88136
80662
27220
15137
58245
11934
99690
39797
84162
46833
54381
91540
77439
18325
28844
16519
71987
91082
75007
24053
57842
40576
28763
92256
93897
65118
99612
33557
93749
24134
80879
18809
86417
54314
22629
88213
63672
53854
43557
14866
41208
41386
29674
85894
38743
46420
68414
32637
66143
78440
72997
19639
5091
67265
39577
36126
27504
96606
45505
1401
46797
31871
56650
93076
48923
81271
39989
93681
64114
80651
85507
80987
38710
32868
6592
16648
3951
51239
72273
66981
23054
50224
21220
66230
65426
92142
17909
14692
70116
16941
16451
91687
69933
43111
42343
50851
97680
6712
1477
44067
56298
84684
14812
92614
57910
15870
13236
37018
26013
73570
2826
12463
61421
65092
46435
78611
30332
72350
17826
90473
61181
45505
15489
39282
18007
4283
11934
63863
30562
20398
52136
44862
24760
75794
56630
58745
30111
14066
50399
10297
2706
82717
21396
26434
41963
19542
89160
40284
97799
11718
61505
23751
15871
32998
58391
74468
69176
57686
59861
52221
30846
62279
51049
25754
30663
22621
77005
80640
24048
16896
55000
66008
15075
37182
75254
81260
62119
14346
37904
46141
13041
40577
84160
68113
27751
8
70116
10171
10115
19274
56630
23230
67076
70620
8643
74935
10340
61041
50250
25713
19074
53602
64439
3479
21729
49702
26744
69593
47116
90609
24388
43527
2291
21045
81803
41370
73262
51647
15988
2649
17352
55700
64794
27305
417
74568
14587
47409
17672
93507
43949
21396
48582
26854
38836
73010
5308
67652
70337
17439
20546
89755
49013
54121
90298
82717
32204
52693
82469
43830
25823
67810
64323
27431
66911
81214
24346
73060
63055
80061
35064
51991
33339
51991
96649
51003
66584
70170
45987
64114
61680
56686
48709
70170
25313
18337
37562
84478
19317
15889
90034
46099
81960
55084
8056
84598
59480
70017
31493
13517
54464
81214
60460
58574
99794
42124
8513
75817
84187
73474
47964
89160
34753
68830
20195
84931
85728
76723
81497
95665
30883
5015
61051
78783
7782
2291
18443
34829
72908
41375
96225
61736
86633
5874
43431
11936
5308
96221
1039
74568
4937
11718
42934
16690
82377
27504
83103
78783
87206
60523
65280
59718
39277
80993
11435
66812
22545
56835
59868
84828
45793
72364
52801
5356
88790
77064
90221
68272
63394
28283
68090
67388
28111
97528
8359
4222
72821
86730
7655
30204
11276
37163
56788
92852
2291
43434
32875
92635
93229
42099
84107
9641
58745
39519
32691
1457
13083
81169
50404
57248
33935
36430
31349
5476
95332
91472
36666
78919
77679
82181
19646
60309
16535
60148
81397
88536
81028
22357
80568
61900
81136
44040
7909
65372
78722
81257
19646
4390
90589
7329
5970
85157
16918
64365
76555
37137
74120
52658
60770
90052
81428
5789
99909
31245
69058
7427
78134
11310
79421
12075
67862
60796
93110
82446
74453
29030
81041
3753
42728
85131
78134
21968
22429
789
72394
7841
26887
1370
68090
89119
92902
22709
54416
13811
73441
11126
11804
91193
45583
32881
92569
60387
44410
77363
85150
33324
60148
28309
81699
37281
92313
83103
51031
67862
68602
68214
73811
10834
69632
30957
94077
83837
63119
76954
93823
72365
76372
23230
61312
62059
81041
3606
29118
817
35
33913
7909
69724
38007
13236
74120
55722
10828
63440
25740
21293
97451
37127
13467
91584
99177
77671
66911
33471
62534
10868
68453
21068
20655
88069
27751
53505
6045
13664
66072
1457
66809
405
69293
81289
85241
81764
37389
96221
62551
5627
46928
63975
23999
53990
74645
28262
5507
24229
33168
94373
56481
42835
33379
26959
49641
48923
63386
66490
58001
81397
38224
83341
58128
79002
48452
61467
97680
19274
15650
32678
87715
51846
2560
38421
23048
51317
87193
14950
84828
35103
27961
24486
73595
12223
95191
88077
83450
6996
2707
4390
78773
14811
86726
69695
21905
99206
61900
65752
99855
48861
47965
39989
89342
74522
56630
49048
94147
51235
85526
39577
80438
97874
89781
85571
50148
15013
7268
83496
17493
57683
21697
25450
142
94077
66730
42896
42226
55766
39937
14970
9026
39454
528
18741
48328
25197
42560
53403
61797
50404
85982
53494
31319
37163
64794
13505
49716
76322
5373
21889
70463
39839
66514
45369
67929
99631
92142
31900
3214
47658
50513
63157
28309
87368
48861
59095
2707
27613
26781
97702
70730
55620
300
56630
77247
84127
47395
77365
15137
2386
39282
90886
33090
68878
14056
42030
3589
26817
84187
77361
66899
18072
60536
11109
