9671
9619
7605
8061
9720
4348
2119
8234
817
5494
1086
3211
9765
1237
3466
2450
8539
4674
1620
9461
4640
4955
4414
908
3907
8821
917
6779
2386
8127
394
4989
2726
8393
4527
8127
8681
5829
1911
8395
8254
6512
926
3985
5282
9023
1416
6229
2193
7053
6605
2948
1719
1757
6915
7788
8368
5248
7374
6907
9242
1912
9043
323
4640
7053
8932
784
9257
7064
6008
380
546
9766
7034
8821
2657
961
7632
790
9720
7313
3874
9126
1543
8368
1912
279
5826
8567
4481
4691
1718
822
3047
528
9671
7443
4327
9824
8855
9720
2561
544
8792
20
1416
4798
6840
563
5770
7632
781
7418
3202
3785
2495
961
6695
926
967
9163
7920
4327
8241
8932
370
9878
8694
1489
961
6695
1456
6353
4299
5377
5365
626
8368
9433
5888
6239
1596
2123
926
4583
6965
7803
1867
4600
546
4371
8609
6840
7738
2948
4320
8293
2828
199
8386
6883
5061
7428
1433
2293
323
923
5963
6448
896
822
8254
9494
4562
967
159
1261
4201
5309
9268
8254
781
7506
4728
4562
753
3783
7053
7738
7343
9303
354
2679
9910
5308
7583
7930
5171
9034
4798
1456
2898
6669
2860
9947
5282
5061
8609
8990
9644
9994
8932
4480
8094
9687
5909
62
9344
563
908
5909
3783
2883
5733
2228
1467
2879
5308
475
4166
2633
138
5513
8932
6704
7587
641
1704
3214
6154
1910
9417
6434
3186
2054
3123
4061
1543
7830
3340
1719
4201
9328
5424
5246
7305
7428
6396
1103
5994
8792
9770
4989
8293
380
7138
3528
2228
4619
9344
9023
508
2236
2036
5770
546
9163
7788
2561
3383
5513
967
8029
8920
847
1862
9417
3109
9461
7098
7807
1269
3594
1862
1956
4371
3383
9124
4047
2672
4166
5990
8648
7138
7166
478
5340
9606
4145
2860
9328
1620
9126
220
5963
4341
3528
7719
5772
8768
3783
5640
403
6042
9050
7957
2852
7138
3431
1237
1695
8234
528
4895
8678
9687
6513
1379
3299
2030
4009
6030
8254
8923
3746
9415
8508
446
7443
2022
842
3909
3725
2030
2927
6185
4185
7646
6512
6047
6840
2898
6343
8681
995
1086
2018
4026
4992
3717
6513
2386
4527
1098
8094
3909
9102
8681
2561
515
6840
578
2030
4955
6118
3166
4955
5024
7605
4574
1433
1956
9429
6825
4038
9124
7733
8368
9566
279
545
7880
2231
3446
3659
2753
9214
1478
6276
7197
211
323
6725
7053
1269
3594
7525
1143
4938
7920
817
8409
7646
35
3211
4992
1956
7023
7733
7616
4895
3044
995
6907
784
6294
9161
2756
847
2328
8241
4808
2119
1086
614
8555
4480
2852
9824
9994
8183
6883
2193
8932
1620
4880
8819
4800
2622
9566
9587
3025
5116
3044
8833
5282
5590
1475
2756
7751
8694
9461
6294
8793
7064
9363
4461
6669
9419
2659
6069
8793
3605
9419
4375
9606
1290
3920
9228
3619
2985
8932
1699
5079
9871
5340
6239
6915
8020
2322
20
2756
9242
2530
9213
4047
7674
3149
3582
967
4480
5733
5116
515
6225
528
4185
211
961
3246
4375
4278
7525
4938
5335
323
7443
6750
8974
4640
3214
8029
9932
1269
7034
5024
403
1767
842
7553
7719
3109
842
2756
211
2004
35
6263
4207
7738
7788
9303
4278
781
9363
9010
8942
8855
2119
4214
7166
4278
4789
9587
9878
9878
8651
9242
4231
4989
9720
8703
4808
3746
7531
6646
1312
4616
6102
3466
7374
7343
600
3619
6154
9268
2286
9043
319
8990
1719
5024
6750
8386
7166
2879
5385
9228
5340
8555
7525
923
8793
1967
9508
4562
1377
8320
9801
2321
7197
9878
7803
3466
508
7166
5640
9294
7830
6825
2672
8681
5420
7919
7034
199
9765
3179
2964
1967
3840
8539
1290
563
6102
7605
2321
1912
5497
8061
8394
9163
3454
2898
8768
7475
2322
5356
2672
4955
8183
5424
1030
8062
2112
9765
8241
2970
8549
3490
1661
2902
6263
9878
8793
8974
1910
8063
5010
2920
3093
5377
9419
6779
6239
4640
8062
7166
4561
9303
9068
951
4527
1666
3734
4583
7104
3867
9774
4756
4214
8094
8386
822
9157
961
6422
6825
7630
3246
279
2715
9818
817
5180
1489
2672
2672
5797
6142
4320
2828
3697
3490
4992
3287
1596
3826
2920
9429
8920
8694
7616
3214
8694
9429
3149
1295
8394
