65326
43062
1227
51238
63335
39304
4787
5975
74779
60244
28996
44538
54132
86741
41174
71612
91264
89992
65081
74814
35509
11849
70680
79365
88612
65098
14209
84096
69514
56437
94188
9575
74111
3199
96625
55561
56527
13836
79913
95955
48895
61904
86168
66063
18109
73532
89116
42893
85620
46599
97866
32358
38487
59028
55449
84289
76390
10066
10066
15816
54770
27598
31850
31973
41201
71819
36458
65281
92309
50280
61307
39331
19138
68351
6023
52441
34640
5975
18781
85778
65968
28424
60468
24803
81970
58441
13458
97138
13533
74805
80908
5629
97472
28901
41344
57170
39067
88734
74762
75477
75811
31507
93122
19442
624
44854
42419
60965
2568
8395
52496
63862
24156
16280
19495
72500
24217
71557
84803
21633
19305
29953
6147
96863
24075
64986
6389
94450
69695
63219
92354
17611
32393
88627
98051
74872
74355
6456
96037
75670
48329
18534
9759
79637
25739
49542
31636
52784
80663
476
60985
16705
69754
10540
93754
77793
53995
66313
82313
82917
98923
2376
15248
82063
20361
38353
94304
3816
27657
24290
43159
18535
12150
63367
76462
4205
29484
65635
11627
1301
38741
43880
24585
9600
36930
74560
60792
33692
42624
27806
19582
75179
71159
44590
17962
73587
797
82222
94744
33430
89065
80545
40418
14621
98923
65010
36054
17736
27455
27320
99884
82668
87485
87701
24923
75032
76485
84175
93670
94358
37823
16369
19617
30449
95868
62920
85161
61386
22758
63598
16171
7187
72994
2376
84319
17889
87758
93816
45312
77343
72098
92505
7961
61764
97817
43662
54544
47168
31937
87562
4723
60575
79672
56611
22181
6814
52179
5366
59141
66672
99211
77785
41317
61386
57506
51936
8670
38315
77785
52313
99159
77563
5614
25309
33045
75489
16526
75376
96229
72624
84116
18167
70338
57786
3687
19541
85302
9185
52530
66984
87902
9701
20972
88734
44785
78099
4822
44491
43073
40266
38846
58007
62952
89794
75243
95510
72805
7501
86382
29380
32196
23160
10392
56398
44616
80663
10852
97321
34239
54562
5522
51062
99017
80728
25569
52784
70324
6079
30751
97622
5293
21547
6820
52769
40824
93102
4146
82068
1886
7893
62632
30411
3474
66643
42793
1982
95900
4537
89233
37185
55402
647
33045
55666
37519
83242
82068
36788
64630
95941
12624
17088
87540
41511
60727
38677
18709
27665
35032
10430
47615
46312
97959
66790
83600
78343
94793
48569
4384
24156
76162
49309
79624
35032
37543
37340
68791
19105
14074
52017
26609
72712
56983
14122
43653
24290
97482
49082
96282
75348
99423
25375
80441
13602
44538
83223
95165
29700
14657
20913
31707
18661
20251
21748
28397
70989
88142
80728
36112
17174
25960
75200
31961
5625
10040
14602
99248
18581
25765
76356
92814
85778
90
33762
21813
23311
37282
12073
8936
52739
83752
20963
64040
19079
53167
83090
57729
26513
76328
75068
59310
54813
886
5261
39300
98847
77919
56527
90042
27123
9415
83478
89925
99625
61834
12122
75013
32016
85548
11367
81884
6791
96709
49323
30528
32928
5343
46872
8053
89313
46900
10854
94863
137
92867
93760
75068
60985
5577
81053
18421
15115
92598
54948
39403
36728
38434
47319
32922
5107
62384
24900
89166
87522
16315
51365
21966
55626
33442
64669
24570
95390
31345
98524
48889
88866
20069
74556
90243
9528
97047
67571
70091
29108
43880
83994
82299
22812
98103
15097
51559
12554
10014
10383
69016
55903
38943
57972
63361
25614
34096
57170
79980
4707
43091
99844
19841
34721
51138
78808
11397
85248
22353
48003
44538
33312
51062
3650
81415
37183
12648
68319
16574
23810
89794
29536
79355
40677
53873
29665
40251
5975
54642
67571
80649
97047
42544
97066
34459
50802
57749
97635
74238
18855
97125
23246
44648
57416
59194
44590
71283
4606
6201
68750
59518
6389
46619
39919
99248
53048
70324
77754
9623
68031
77224
42096
30921
97178
47962
48739
85126
69863
63468
62170
65828
97850
55402
66865
65928
40626
98932
60743
33792
70206
78296
40879
70057
8885
2749
62438
26869
33138
60857
67571
14533
56438
79856
27963
83216
98748
28795
4358
53048
20037
67637
57098
57663
46639
98247
7061
42711
74603
36872
6615
2853
80577
41317
64003
80349
99731
89166
36112
90264
90717
34058
27306
19760
75496
67222
43459
97337
62220
88352
33707
63074
52365
13016
64652
31438
44896
43888
97472
48397
15614
69410
73701
82229
68319
53707
60685
12648
31636
64827
34408
2830
15841
22829
98007
2749
99623
33728
24717
17344
91417
7607
42516
34822
23156
35434
90674
37959
91864
6247
53880
19442
31495
95051
88380
46522
56029
19377
36112
27361
98247
91143
12314
2293
73006
50948
51602
49452
48090
22443
85735
75641
51837
50308
77754
30437
70119
71283
1896
28834
46602
11730
93545
53603
4236
42928
40959
44544
19626
26480
48361
36053
31946
68699
85763
13402
57862
87482
32673
4358
24540
13876
3816
13852
78296
32168
37340
50671
27867
16148
79928
22640
1155
25227
16423
80907
40061
24459
58897
94006
91788
77563
5031
42596
4205
29068
89992
9513
53154
43941
66946
35709
80663
25947
2929
91120
7384
24585
72061
80153
6103
49206
21323
35800
36599
95880
73671
14533
31832
71567
14803
32344
70158
57862
10540
95009
80353
82849
6599
13452
49452
27533
83292
59310
77785
62127
87133
28681
77102
36599
75835
5887
25184
30093
18933
66790
28440
18653
11367
72427
49572
62381
23134
21686
24876
12777
24539
21814
43015
96792
10219
12314
34887
47096
85145
28681
98823
62279
91480
85681
5164
51678
42971
51829
19482
7350
80708
26139
4802
79724
94571
30477
5522
21526
10447
29328
4145
78911
96250
46038
83271
97490
49206
41201
80545
1479
45579
72262
29536
13555
13016
19047
74077
10303
75184
40062
61557
551
95751
19731
73664
6902
35333
11031
97835
48148
17102
34952
63790
23398
98235
81994
75785
4167
36399
93455
40239
11413
6662
38726
76462
49246
583
36239
93455
9664
26812
51275
84600
7746
17995
96329
5450
82757
3176
30008
26470
74908
44488
79834
64603
65283
51020
10854
53704
94304
82568
47820
79967
40239
85925
12072
54715
45934
17024
33006
58502
60630
14213
91355
93670
23693
91440
53168
86531
87632
59264
24162
37412
21823
21606
80426
93560
58566
96361
88816
21415
78296
48347
12207
49246
4236
51385
71423
93760
30093
43839
34759
99221
17024
93729
64478
45501
13905
12700
37810
81451
12396
17102
75595
4885
42152
69164
1105
99413
94516
58154
65372
92164
219
57789
28060
80106
87342
15939
84775
56981
89917
12356
93660
10922
9738
85723
9506
81814
51816
8221
41135
64088
91011
54913
64376
49866
93626
66389
18709
6147
59677
11953
85336
62512
57330
24300
8244
75764
51675
45723
73973
77719
72427
76060
38157
33254
96077
74190
45030
93455
71341
63111
47750
89383
5107
6533
45362
37813
52423
49407
46038
28747
29401
43596
39919
77110
91708
94657
18675
64005
60188
29856
85004
36023
37543
72742
6027
69937
31991
6882
99599
34721
72427
855
59225
3985
94659
82975
33442
94315
99173
83878
7795
72947
10238
70361
33360
75764
62993
14639
1315
27512
64877
7369
44259
21745
87987
40824
76462
60750
43892
30460
90144
44038
71040
84737
39540
14770
71059
46143
34100
69034
80155
58775
58259
11333
9283
72165
87070
79931
33538
94143
78922
80165
88304
82312
39331
68299
31495
65677
26471
17984
87773
20416
14340
52512
15115
44087
66993
16808
65719
22321
21060
94702
50413
45373
27048
60357
95172
90751
22358
93102
1785
55907
84893
77793
87562
61753
74950
89166
12454
62933
6100
49236
15248
9658
82855
6793
85119
57435
93596
55502
43015
62305
2211
4660
38946
50217
47318
95814
4964
86903
49236
99173
29679
15405
8180
89961
49309
70057
60965
67311
19554
2778
94299
21780
98435
74762
2053
40418
81431
19541
94550
31310
28415
14602
16685
96863
1825
48320
11876
80907
17921
93748
23336
35828
43792
70134
71341
85548
72377
39667
86218
91934
30546
5438
34306
91065
805
6861
27867
21550
80540
80663
73691
74641
76880
39917
48235
501
87749
31349
15782
93455
68798
98365
17710
55119
66816
29873
96326
24481
72006
17102
30678
25589
82222
61079
9687
62634
98402
30546
43757
83512
25034
8263
97459
44552
55517
99644
34097
20251
64998
34917
33971
49390
23156
41176
349
44109
42584
98846
51924
21185
38162
77268
82087
73134
74130
81227
98562
56857
78395
59246
76328
62632
11397
74765
27665
63220
18679
14831
47658
67661
11261
67855
38966
68711
48063
83633
10040
6760
34640
31345
91384
79907
57187
20004
28069
70092
54910
82868
91754
41250
16503
38946
22510
29303
22640
71819
86034
33430
31553
50217
90047
43662
56376
85337
47820
98910
8700
60306
67286
80398
51589
72423
94458
44598
59225
69153
42756
39141
9277
82390
66024
14648
63526
10943
8270
12260
96463
28970
30056
12450
48321
34426
219
38239
97817
30009
24626
81282
30052
62127
94617
7820
48564
18606
24683
59167
19293
59425
26161
85966
82312
30477
67166
61343
35899
99599
37293
84305
62920
6635
2968
94458
45365
43714
12366
95594
76302
64118
30025
97240
65145
9991
49867
77885
73839
37559
78409
20751
90404
93455
87170
59985
48049
84830
92767
46963
46221
95097
4142
99352
99627
15662
8552
90828
96687
22510
98871
13016
56438
43972
24670
23779
40771
20416
96405
9918
77765
94713
665
74131
74573
64697
75068
11081
42995
28212
27545
32168
65066
87562
64067
73187
77465
6475
54341
93162
13836
15830
70921
73979
98133
72577
99511
14476
56596
96329
61842
98365
89081
93986
9918
76965
11503
1745
31961
95563
137
534
92326
31495
586
40660
98477
36439
19871
93824
43315
65323
43015
79516
30901
14831
49524
61968
66924
2749
74091
46703
11557
62705
43251
499
84803
91454
70324
42865
34408
14273
28901
1511
98051
36399
45780
34382
76768
31508
11622
73810
80697
820
36659
22915
35917
36695
63555
3810
68533
61298
23995
78943
60357
74719
58775
32120
72742
5438
37198
58773
25309
82390
80235
23270
69415
90828
25278
59914
13602
61322
45912
76958
62736
40684
65693
54088
63354
27827
56745
61501
92251
37181
9365
56242
42894
75621
36479
62705
77754
85278
34667
87869
56029
62666
22687
88051
38924
34097
36556
4279
5094
41503
11229
22393
41991
11661
91934
8395
61436
92783
24570
62753
21924
12396
9672
41104
94443
78574
91733
19724
60468
32848
15261
96050
57021
91934
96361
25098
90144
52696
70057
48449
70081
26408
24923
40469
84319
63154
24300
26180
53575
80200
54580
39141
9635
44721
52554
45354
38588
63526
24605
25893
80878
43168
589
94162
15836
76386
9239
6905
93559
74908
6444
88004
81512
9283
72722
14325
77473
15431
94922
78491
79928
37103
49022
96956
57861
87670
35443
6438
6543
72463
60575
70752
81246
66120
2853
64378
93178
71819
46092
54968
43806
92354
95594
84722
80163
19377
2696
46107
6568
31768
55561
93317
44648
53941
46522
42894
50288
42119
43364
6079
19968
7115
54341
47781
64017
59590
62556
39540
1610
957
82703
75008
37559
16731
61382
8260
67317
45175
61409
29163
51336
29565
88630
1444
59671
34408
59359
97588
4446
85047
13495
19105
10482
49664
45912
54465
90040
19266
67763
77761
93626
67858
30955
22812
44590
35907
46522
4924
98846
22217
70289
49831
72823
97860
68095
89898
82703
98021
64652
2297
91172
6272
56665
58394
49099
55119
57509
9759
3161
70921
30747
77485
70630
25150
4523
8582
73361
92131
28217
25427
77223
35354
57714
43359
45258
76840
25551
18540
55254
85496
83534
50288
26444
97490
58786
77190
29793
27450
84250
59569
65855
732
24614
24355
4822
39506
10661
17969
10746
45149
23631
60900
99422
11466
82065
99422
64032
5232
53835
79782
13610
29283
6166
90042
58647
37011
62614
23744
42207
79574
84969
26690
62820
44204
68838
37159
77793
20014
10482
50602
10659
97353
62923
16091
18898
59255
5031
32195
15220
84696
22812
18167
57979
73720
42293
90009
49022
56572
44151
12483
89486
37478
14770
34117
9019
34215
67608
51292
1632
71341
25883
95624
20719
89925
2562
72912
94746
98524
9854
530
99833
72125
28840
15080
95051
65432
67606
65402
40117
28562
88858
17331
21737
68237
63806
67772
85363
11661
21410
89295
26546
28305
11920
399
45713
66120
68753
36872
93816
85469
62846
37867
3406
44682
31495
60985
2968
57228
32858
60727
84319
53237
6793
86894
10161
71554
57124
55965
82383
92139
87902
46143
89233
92281
85548
60626
84070
52960
99115
13440
29565
77315
53603
2568
21976
79574
39606
15447
38603
5807
42330
86984
86303
37228
19131
4145
29856
63598
95943
13488
41763
56438
20014
72704
27177
5029
71818
51816
97178
43682
95499
66873
63526
9632
43609
89552
95563
33236
23799
30731
64027
18786
39996
76952
1507
8029
69624
67879
36658
65002
75083
89692
75068
39665
30437
1539
91517
26507
24511
55894
52512
62292
56944
61298
80206
96625
78006
12985
86250
8221
55160
95975
9930
5611
47503
94154
74719
34163
91710
21963
81490
76854
60985
64091
58773
85435
68358
77190
52530
70177
6183
76941
23637
40149
92598
29827
81726
37229
65414
95397
23744
85086
15662
96812
54448
60311
99422
42711
86250
62512
86984
36599
38726
94299
24236
8412
88612
29055
32970
66730
42941
94354
70913
81005
70177
85337
2479
32394
3805
10823
78835
41846
30903
8076
85925
52952
84739
59143
11543
79782
80507
77232
47690
977
85248
32645
85133
99647
64496
9991
99844
97444
83512
82566
113
14043
58574
14476
41982
82014
1271
52272
33524
47820
72262
44160
3984
76276
37543
47716
34723
27320
39742
22384
90082
9672
32197
43039
76780
57416
14504
39827
13952
14441
54280
21426
41460
78916
44073
29018
65353
91149
49739
67847
72586
3633
47387
70081
90497
46402
79480
2497
62614
20416
45780
68115
867
35533
49598
52554
86809
65767
61001
99023
64661
57364
36054
87865
63074
38315
49510
67554
132
26180
47473
94122
83512
32652
33176
65353
70081
28155
34161
75502
89221
79333
1108
86054
54968
91882
20078
45374
19554
57891
95563
52985
50326
34954
36414
26145
44859
69326
30655
90517
14854
88807
8147
71159
26600
23879
43069
32035
11883
66954
90092
39251
81377
76166
66946
16728
41321
90828
21976
71837
20597
21606
88299
35533
42596
52111
47283
21164
82748
41250
13382
18013
46963
83959
44120
97805
67183
27235
71707
22477
97728
62791
91981
69983
45543
53342
14859
11171
88676
67421
87114
30
75348
75621
94515
12280
40163
79980
73318
75540
47904
17736
32228
54369
34914
74252
83948
92171
82502
36612
49831
60468
349
24199
36523
49353
95431
63436
71267
57153
6393
84452
2211
4835
15646
6996
3662
49657
76162
13021
76867
3985
14533
40251
68753
13789
40881
69885
94443
93118
68427
35117
32877
4564
97826
85742
31962
57626
31636
68093
64638
93118
60626
15974
92309
3754
44667
37198
91056
55720
90488
33819
84758
8138
86990
68548
53179
49524
47168
88715
1852
64376
15447
10613
43892
13014
46606
77115
19266
35887
80106
46758
19766
19582
40061
82075
45768
43792
32711
63240
61230
38588
21398
76307
9632
85119
37030
60533
17110
17563
11053
18620
50715
59141
99906
80875
11586
44231
32964
43645
49022
90381
47466
43662
79301
86384
13016
78296
23448
66342
37559
36599
6983
70858
99274
52960
27162
75189
3985
72549
79913
85906
65054
6183
10193
33430
43806
29158
88353
43991
58806
19871
36040
58490
48789
99647
64118
57104
94531
76166
79691
91754
71751
7607
88402
30279
90867
88933
67166
3696
96828
28948
1825
89503
49078
63316
78297
61001
92657
83948
87834
1612
97599
54898
50948
9600
23864
23825
32483
25114
41888
63029
78781
24481
19154
63354
7093
5366
38315
76390
74041
9575
11627
21589
52208
75972
76033
6568
51385
72262
63302
31605
89784
80875
12280
67344
88988
56689
44231
27375
35246
53587
59310
36556
74232
64595
95754
44183
18081
38588
93816
36414
87791
14943
96500
88353
80073
89359
93913
22996
66816
26675
63620
36821
17736
35155
77875
59038
29828
36451
77232
31345
93670
20751
59387
35333
83534
93455
37991
90264
21423
47319
54968
55309
32631
33552
93574
60792
66856
76770
60331
73810
66106
42151
38677
67560
1694
855
45368
48630
77385
58773
82827
3992
46561
8455
28125
53839
98073
35333
66106
55835
8386
67166
24903
9365
41306
44814
66810
26869
65313
75267
29068
22353
69514
55309
3050
91788
18781
73151
52143
88001
64654
501
53483
21861
4707
26978
6023
22280
56343
11953
63171
43168
44808
1479
71015
91186
13049
24300
38935
92867
74435
63954
15257
51559
73929
35709
83090
34640
9528
60371
67024
87745
33059
93834
19242
79937
32888
74413
12396
8401
73893
96687
24854
88418
45579
84744
83216
14681
18295
64096
85286
29873
40959
99184
97826
91865
44667
84827
32169
2020
66676
32072
9575
39251
43656
6087
19154
77913
93187
21016
99413
21977
84477
19069
87773
60985
30316
80748
66496
76350
39071
25033
67198
32116
13352
65283
71392
58770
1006
25645
62576
63007
62576
40314
32733
88705
72548
96476
41507
93560
16310
67826
45962
97929
32848
69257
71321
48361
66017
69493
47653
99359
84079
2936
94122
85323
39297
82312
72663
17504
49236
85620
56398
83687
30181
61385
17331
83600
47145
2755
90032
13789
29474
34804
96892
82320
93392
78542
79967
68683
63806
31961
38490
72165
88827
22510
40554
6841
42793
29065
56982
97697
25993
36650
72427
59176
57072
5989
14815
25960
77913
48883
61164
93118
37823
57509
80353
47065
43888
81748
20588
39239
52979
69330
37810
92096
9687
94435
74805
52784
34321
43705
94768
49311
76286
92754
32196
81994
35315
10552
17331
78922
68138
53342
12481
92165
73587
78730
56420
67702
86168
84331
65182
46520
5606
36058
88352
586
56527
43062
78795
75376
51111
34640
3476
25946
14514
66585
87834
96077
87006
74556
34120
13789
29775
60576
39051
19852
12536
61557
15447
21737
63154
68233
51837
22687
76965
64478
48329
12073
86531
46765
86626
26663
17504
63468
69061
86370
74950
45490
9664
69965
79640
12356
63240
25828
27455
24923
84278
5450
92122
81674
65576
15816
14476
87752
23538
67125
60574
55254
81581
15662
54414
90075
56596
36259
55561
54904
71537
41176
99647
45545
94921
55561
41365
1819
44146
22640
71078
42368
69415
48397
23290
87028
10739
87745
82826
79385
84095
6100
20069
7820
40553
8466
91762
29216
29487
3162
63302
53665
12237
34163
74631
11223
12509
89334
37043
47501
72022
41817
8944
14056
63667
44491
96599
89480
32702
6868
43459
59753
20452
53154
16264
77335
11871
52463
8671
33692
52922
45526
62220
57349
33381
29828
37822
70324
34163
42092
70338
20361
66467
63729
86990
68287
82523
15483
21426
78297
27215
7546
71741
44648
11081
57071
11953
1268
39162
28881
91904
77815
70996
72433
55766
76302
92251
2723
9930
23779
2211
16369
59195
80802
49867
94045
17287
63154
14660
59116
46836
77235
24106
44752
2568
60258
93834
82087
70264
32653
85727
8278
83942
42413
57680
79327
62920
37595
70313
719
75083
88138
91996
90472
39712
65054
42516
74885
35598
7746
22816
13440
2643
95817
46635
97436
78685
95177
18418
17333
74355
72433
69816
58775
24792
1189
15646
71341
80649
19138
97825
6247
22439
67554
50571
70196
43356
73049
29120
65677
24510
94511
13416
52349
42007
22961
27087
30003
7246
70177
13430
22687
30025
21167
86626
44648
36872
13452
13836
49844
52038
41475
78297
10615
87987
79398
98968
74518
99884
19119
30462
49400
92573
78943
58773
48588
16145
67855
25469
77719
84095
67603
54448
16643
59753
14803
66076
59518
49202
64976
37270
68711
31942
45362
36005
48097
41680
84722
54761
10854
707
82068
35531
89565
9672
91143
13495
33819
55396
92281
60280
15431
32512
67973
18661
12821
38052
32167
52737
91264
10072
35335
6983
91065
14501
42774
88138
90717
97697
665
27177
85791
47625
12554
24606
60244
45558
60371
92783
40187
76768
68953
1479
74008
75670
53411
25682
27255
72022
46602
26611
82523
21293
5614
28911
71392
6420
71202
35014
19331
84673
96599
19242
86756
46221
84224
37810
83633
6729
60074
31970
10392
66946
29022
31345
19554
16400
60750
40981
79586
10854
97906
8278
71202
98815
7465
24207
62630
35430
53457
60806
32281
25739
46795
7607
75902
12996
36995
87461
4723
64603
4683
22353
97713
76350
43252
4408
63791
26649
19105
40824
98880
46758
74297
30052
39430
91011
2830
43294
88676
26578
85259
92326
23448
88858
46295
90773
59569
37219
99554
4835
64017
44208
44848
68475
35836
92155
42988
89565
99844
93369
37027
10238
75485
82913
85801
78916
49130
57330
27450
70684
84051
94300
62200
21894
82309
37987
7953
76307
52208
11953
58770
67117
71321
23197
71736
96709
41381
26513
79327
92667
14770
37543
85096
73477
42368
23029
18480
12724
34367
42509
72641
49990
79640
94657
59510
66924
14803
90637
6543
60831
1330
48003
78874
36023
4384
68750
24717
80441
75711
85161
91120
472
89604
99906
98021
89539
84228
58490
39304
90959
12122
98817
81005
19374
97635
87841
92381
9823
5015
53734
42995
39290
2490
54280
63302
49161
31495
49030
15248
37822
49206
665
89334
90075
64661
78945
78037
35443
835
708
93455
30467
24296
14180
11023
61164
97921
48895
93152
98416
7795
93561
97138
33549
25810
43560
88418
84305
46599
89931
59535
23473
59029
23943
5450
41016
51936
34201
32197
75068
24542
91056
42085
88858
24683
1067
62828
84095
8364
24614
63828
1227
64478
16134
90202
88807
7038
37083
47168
8147
10315
13985
14092
1437
51699
4469
46561
81005
51698
113
43839
56664
71478
23881
76715
16771
54471
5029
84739
42865
9365
69863
91356
11508
19841
94107
99884
44949
23881
61496
39500
38924
42553
95192
57729
19482
41365
52208
52258
11586
11876
61838
55119
16526
75956
18081
77761
24162
64976
16264
27833
97306
92892
55626
6147
30604
33576
99970
9850
84821
64774
71315
80728
66937
81247
88867
81578
77023
19742
25542
81153
11367
62220
39251
23254
56596
98373
80906
42977
75073
34481
67661
10238
51825
26054
32711
42092
27225
76075
72789
89065
75965
54770
97579
58590
52313
8700
43959
92754
45579
55626
12237
5232
68985
32653
56526
64196
16931
1745
99485
27250
27053
39839
42151
83650
67049
97827
51816
28415
85070
40762
97898
61462
74981
20727
12237
87745
43091
78331
60797
69164
1610
65867
3466
39067
45526
4358
69025
96956
86431
87482
73701
49431
63808
61543
91454
5219
59607
24055
60371
99305
51605
57475
72006
51385
36414
76965
34382
4853
86501
97830
66100
11906
9372
27215
76456
19482
6230
81747
98847
42941
6861
27382
49536
42450
67290
65166
87482
36053
62556
60130
34215
31832
84628
64040
19119
32678
26639
90183
85593
72304
87916
22900
1385
63541
23879
63695
96562
96265
25188
81377
67870
71612
74480
51382
4476
19305
85119
99422
84499
94921
80441
7246
23810
87540
79333
89081
4408
40442
78881
18653
9017
62980
31768
93226
20078
11229
98289
83946
77075
37718
6662
11871
27771
28970
48727
26208
52038
66262
19266
90042
28911
15911
98255
5742
16626
4787
44608
14681
96412
52773
84041
18005
90900
77224
59228
69863
18586
34357
76560
1416
35574
55228
29828
99599
25227
79928
86716
44111
70646
20037
82548
49246
65767
93986
83223
67603
56342
84827
43645
4545
49913
67192
78033
54471
32889
60727
53601
79574
97178
20710
79428
18480
34672
5652
5446
99342
14273
57861
86218
28675
46836
70590
20416
56284
36816
98685
10715
20414
72548
38302
24570
22897
95788
95431
38052
20913
28805
90773
47096
38846
23637
63845
39540
53193
30955
99159
85254
91996
89963
23473
62556
56482
44208
99260
33104
91551
37891
11618
66865
39051
71452
50802
17962
56892
77615
34479
16808
25626
8455
44590
91865
24539
81494
44160
93884
20992
83129
85509
40232
13527
30411
93162
1610
62556
51477
72649
88974
55240
32653
92139
89787
23271
98557
81053
63007
14256
83242
94600
88305
9736
66775
80540
3197
67873
5073
95774
67826
38872
63220
72061
56987
40161
82309
71141
55588
49651
64596
46706
72262
63954
98073
8306
41598
68768
46143
33412
21550
55973
17279
93455
624
63844
10661
45373
73182
97740
13014
71557
32631
81748
66292
74319
57826
52496
5838
95682
52272
22483
72768
20414
89233
52768
11187
81282
26918
47962
48638
9182
58880
6203
34827
32652
49236
48635
15782
39406
13276
47716
58786
71751
89725
85332
53684
33552
82248
61201
67659
47614
14912
81748
74319
12912
19374
44023
17861
52108
99646
64096
50715
33728
66924
18581
77722
30613
37183
28202
9372
90674
41598
64478
56160
14256
62837
48010
24296
80577
58645
60098
78542
85363
14015
84949
64900
3197
72484
10739
65281
27048
91989
14429
37543
70184
6079
32200
76363
80957
27250
75376
39223
75154
16105
38653
29205
29953
32427
37103
49248
72806
6113
66993
613
21292
1928
12396
31625
88418
71888
35010
2345
27382
14273
11508
32169
2693
4167
3687
43782
79816
20962
80106
68953
47755
84942
72223
54637
46312
28440
98365
51336
87902
96476
19079
6882
13258
19061
78945
33430
48889
53941
87362
6087
3687
99758
85496
27907
58162
77691
47054
43889
97478
906
13488
62049
75084
54637
39403
10391
97915
76715
51962
18586
91281
99844
73769
32702
51642
54904
81712
27907
28805
66730
74518
43356
41424
70119
4683
30747
64638
11023
63201
46890
53121
74885
75958
43069
58897
93226
57979
76462
63436
10659
77025
52768
94357
92172
64373
93267
87916
85254
79703
24717
90869
85133
39629
11686
95407
81451
96037
59246
67965
87356
74950
59997
71015
47614
66976
74981
32016
33911
62846
17136
95545
62791
79724
42107
73325
16134
71059
35487
5360
29328
10659
31844
80155
30316
95941
15084
54582
52979
99970
64032
14132
60831
49362
36695
73361
43251
75785
15248
15050
45780
54128
91186
91454
26284
99023
56529
38029
65558
1896
9019
88630
54341
91588
87562
80974
42994
61410
81970
80540
10244
86531
77025
65182
218
67855
19852
55203
30008
38196
33538
60576
14770
7246
16079
11046
73590
30006
48282
18855
17338
38038
81978
88542
11471
1416
37699
44038
76265
44087
67826
74838
717
3616
4853
16133
62373
94233
85363
23016
95523
40424
19477
30747
23376
74041
96736
62820
27450
15620
95051
32394
22407
23538
14533
16624
23427
34911
35019
24296
72907
21964
48564
64378
10166
4236
90183
89527
35828
13280
39500
43839
93029
1852
26032
8777
68383
7137
66717
33337
98993
95070
84384
30324
14514
65361
67603
21336
89532
80697
79076
17610
16526
61989
28125
62592
16728
9372
28970
64067
92892
40187
33051
34302
40981
54813
42463
54395
38946
52560
71314
87773
19131
9506
56665
91087
60244
94
60576
79327
77661
49202
77223
2371
13324
4146
89035
27215
19023
1054
25698
42107
76693
18933
22443
57783
76456
38527
24300
53745
72026
46599
35598
1591
15614
82568
73557
34951
2955
37219
68475
48820
11291
4469
32016
31331
45713
94
57891
66790
35938
4814
77719
45492
37629
36339
88588
38498
22353
96736
58263
76462
12536
25250
81282
23879
91477
4723
92867
74814
33920
64325
10849
76302
24698
80467
65414
84948
58094
90751
80353
63145
29533
75348
21829
49573
97858
3810
17597
61945
33856
74551
12207
93946
34701
96613
76549
55084
35378
56006
90809
9185
95165
21185
62292
25259
83075
33442
25111
73922
24542
21293
15224
49780
42802
42152
7546
15974
54951
23148
72119
25469
28795
49496
43091
85119
45671
63872
67125
89166
3366
2636
59944
92251
96060
3486
4853
51816
34667
72285
92762
49306
24356
68533
70803
30
62491
96347
88649
33452
53258
50280
1928
81494
11618
71612
57818
33538
49673
46404
99017
2732
63587
24990
10313
75892
69529
82063
49675
96326
47223
81464
84673
18535
80235
10922
92684
68233
51636
8700
95918
1375
89931
51227
76204
19852
43854
22646
64138
60991
46200
44146
25188
71433
91344
99627
71423
18933
9487
80362
55228
57801
21744
84744
77224
3649
86300
21889
76265
774
54395
71315
85530
22452
69014
95055
1416
4567
13977
93455
32877
92556
86841
42413
73134
77224
84830
9946
14963
22077
46107
25194
36961
19403
13555
43895
25010
24717
38603
74805
73701
18990
33881
99342
54198
65022
59042
98373
48934
73895
14026
33381
51385
75878
13635
93232
96956
75267
38236
77202
67396
2371
39141
95788
71078
1633
4515
22879
25542
22393
52118
10687
39473
37891
9372
49172
67781
16728
7607
70654
85482
86756
79003
98524
98834
24542
56006
59108
55479
63788
90144
72712
36618
48889
17456
73333
26578
59194
23376
99836
83512
16134
1105
132
64896
36459
88867
20962
12912
49309
9930
27048
41991
38528
10392
19766
57704
97915
95051
29536
75418
45501
79703
4814
18470
1010
19138
63526
36816
27392
48347
46038
8671
97826
38476
48889
70408
77939
96424
77223
75930
59914
62170
10943
72572
4885
674
73668
52526
35030
49377
42029
62803
73416
65681
54128
79621
88420
61557
98289
31294
51336
15084
43430
7348
28840
32964
61165
95177
69016
58035
89065
18589
40660
7700
7028
3476
63845
68358
15107
73361
53718
68818
54544
68791
95407
91264
35607
43609
24300
86716
23406
22687
94741
21737
72911
21410
40658
30462
66287
30321
4167
41760
48
83271
70289
85778
70959
4244
89692
4402
50894
85753
27306
58786
78033
99305
49831
6393
55535
18487
30889
72873
36
74131
22879
72742
85272
29434
6263
80906
64376
56156
75085
79574
75285
57072
54485
12912
2830
15719
37571
98573
47949
40392
87749
45272
71165
66810
34201
70289
38239
51606
88525
65010
56982
5446
6662
73334
35019
10216
49242
21410
38476
5073
85778
5887
99453
74761
25796
60122
31778
38757
2078
41869
18709
59108
34239
48347
44146
1444
57072
62556
44419
55368
98435
5446
86303
93612
71751
31850
67868
94299
32228
25283
91120
17287
35862
26403
57680
40314
5577
69041
54896
43251
6662
93102
51962
57626
55903
59753
95751
97858
59944
30316
70094
85951
62933
4515
56289
72462
10550
28967
71059
73720
59225
61686
26424
55907
16148
21606
8000
34705
93118
25469
76210
12237
70160
33006
40959
82389
91588
51429
97489
75032
56689
66287
7369
86399
39297
62592
56284
24106
95788
86531
19852
27558
92892
36197
37219
9632
77661
83292
46854
9798
16227
48850
18933
78297
90125
33926
6813
73810
89110
31937
85537
35019
92164
16327
6023
71765
84078
94443
62074
97472
53457
14770
62076
82917
88418
24156
7354
68768
45368
27376
49130
63726
19442
10166
94232
14043
44930
15923
27962
80577
49651
8952
96812
41609
67603
1105
8760
97825
48840
17995
41760
40550
82551
57124
67351
46453
665
39011
44808
43682
72022
30955
68990
34529
71254
45443
68686
55033
2491
85336
39540
5233
54933
40964
97066
73691
33254
68798
96792
92188
77654
11046
22410
41135
79907
62556
81005
77343
70257
96969
9528
59194
8992
15345
27545
26208
55240
33410
95397
80994
60911
27988
29700
68351
99221
68721
99836
53485
2117
58010
17456
27455
81007
7369
33966
40880
83223
97896
20919
62159
22510
5606
80906
42196
15372
57131
96060
67724
21780
38168
39239
54619
8000
5635
16310
72427
32200
71402
75520
42007
47600
89233
75141
66003
3971
40959
17936
59576
30090
13458
72304
11040
60301
88959
96361
12237
36414
9476
85314
45377
82320
8147
43359
75143
44930
5504
73949
34163
72377
83781
40135
80975
63526
71040
73895
88661
18848
21665
71153
80663
59029
13440
98709
89761
14504
32120
2778
99764
12233
2797
6902
72307
36872
2477
79855
62491
36995
70134
77691
72030
63220
81384
86414
35393
61764
85976
70489
40684
44590
86111
44518
7127
63587
48825
16654
17136
41503
90501
12450
26280
80878
45768
90155
96077
81674
29275
19329
54758
76075
82751
72026
84188
3966
70872
37697
22922
82068
51849
28747
132
51998
39386
9575
59569
66809
55160
29065
60188
62512
99023
50054
94276
33079
95422
16210
49172
69330
51837
60889
24246
98174
7700
75235
95918
66262
33966
27913
18679
41176
1938
12724
1536
73361
73422
16231
5029
58880
81994
77885
11661
88588
75348
21780
91372
31341
22428
77615
44146
92754
72580
78329
42096
66937
62055
95260
38157
64027
36439
87572
56604
76162
48127
94449
88160
56725
78895
88353
5081
21948
24690
65916
95510
61904
99145
2267
41760
42302
48292
24300
81468
9487
24803
43653
67532
1694
37991
17546
17915
11150
70684
84827
52349
6712
28250
48638
61501
24670
77328
98748
574
80851
24469
61504
66730
60797
4515
66496
32653
96709
79003
85951
7512
78981
8456
41503
8582
98133
18531
67636
82222
61307
55119
76504
14501
71263
74765
76811
64496
28069
61504
38196
38778
19972
96589
27561
9019
26993
71612
46200
65635
6607
92115
35046
85126
83150
57861
70324
62127
59404
71654
64088
28424
55402
67859
57872
48209
77328
31438
95427
42928
9487
10551
39067
94458
47761
97315
20867
37412
67686
25307
89233
16703
13016
53575
45492
81384
70921
88420
17740
73979
19377
67929
39910
97906
75582
88649
36599
90955
34100
4336
11053
29909
98373
81364
21737
88001
35598
57349
41251
76915
192
2376
99175
73494
68535
81247
31850
66071
93838
57626
80906
74779
1539
29679
31272
80675
86841
24182
76952
1355
77750
71202
82929
82917
69246
50367
79428
85363
52118
13402
59141
49362
49431
97306
36964
72548
49030
42856
21665
87747
69814
45671
5629
87891
56010
47755
51111
61230
79574
74814
22900
45263
45060
97215
68163
49626
64325
69014
69153
14803
75243
67763
14156
70646
78491
17166
62846
44930
89622
50866
27866
23016
66262
85182
57541
22520
7275
2320
38162
61496
218
38890
10066
39406
37030
78835
30747
75874
77447
47761
74008
60806
69965
5015
78297
16074
81592
29303
10746
39712
31887
60188
81502
21966
613
45356
75338
21894
28344
24670
49925
45579
62352
9215
717
14859
36658
55956
7972
88420
80875
69493
4402
70654
74219
62352
9937
20962
5293
28103
82222
81457
54128
57330
38688
11704
35807
75246
38777
91355
45004
14098
63409
76541
53457
99069
67532
48556
85547
614
97929
77473
42160
75085
60271
80601
89166
94430
49332
17929
85126
60727
16315
53193
15050
72902
69977
8977
45558
90809
44182
70646
2568
42990
52357
5981
31349
23557
77960
15644
81978
46090
34967
60307
1694
27975
69330
88700
27327
92894
45534
65920
57475
75084
16643
22950
41553
84153
60575
30025
32120
70558
63302
33360
58394
83017
15614
24653
89761
98362
11466
79975
16943
39019
43836
58162
61193
76265
73557
79003
44109
17736
83133
16133
85286
25319
30197
27259
2020
82859
93020
2391
50831
4469
98991
54593
53899
15870
19885
38355
94358
15097
34911
85070
79580
70119
80370
16335
89313
63610
41486
18661
93198
74872
24459
70695
16808
7257
64373
977
89359
10551
71282
59255
79301
35155
75418
56983
10854
74032
78817
23016
52365
95701
47572
33422
97330
51699
87916
94515
38777
48003
69330
58007
60629
20020
56010
22976
11824
84336
50833
81726
49925
79301
12266
61462
72210
42096
75008
5807
63587
33548
43839
53941
42007
27450
74464
84289
6475
77447
42007
55479
8364
94382
16327
57270
2210
2816
1355
65017
73973
50715
52931
12483
55649
37197
13402
94713
57783
66262
94849
64351
77661
64630
73949
81748
80908
98592
54380
34163
92251
64067
33262
71765
58263
81970
1479
42119
95185
47001
10196
22812
44481
37412
16074
38866
58502
39011
2839
89359
41125
49657
38777
52784
99069
10985
24459
18316
5989
25931
21589
47922
69754
5405
77025
87070
89448
27642
73678
75656
58007
88326
74683
24869
16423
14976
24355
18810
33385
74807
42332
76033
53745
99997
90
33692
8404
80540
59510
92115
87580
26869
96021
47658
64661
81932
29912
48329
94
957
7246
25614
22409
29055
43639
84628
48395
35601
36392
19968
10161
2873
19692
77785
65962
59028
97330
64040
28468
85363
64877
59194
75013
86149
37756
93560
27748
30462
8540
27962
28224
63455
89845
49734
39473
48789
86317
89065
90009
93754
81782
37519
36458
32535
20078
12715
22283
31757
87661
17710
76560
49656
665
85019
52696
49760
96956
5534
2491
89787
10661
75235
58773
59930
50567
42450
97451
48727
37159
49818
18264
17333
49390
44729
7061
42774
59997
25739
39430
14620
74032
54968
43861
72548
5504
88240
41135
88676
81978
86399
92922
23254
18990
98235
93356
49626
19344
67166
81053
94758
85681
45713
94162
35820
12656
31990
10392
23946
10391
9759
51272
96672
72451
32176
75032
80294
60857
80545
17703
36615
23711
75408
96476
52261
70595
14030
64595
77267
24290
11171
27748
95788
38757
68394
91356
52496
91440
90707
45553
72058
95097
73784
94122
43756
63627
45874
90379
74480
7093
10193
30655
54341
15820
82523
94516
2083
64423
98748
4218
8180
57626
41503
73810
85254
54898
88866
95431
230
96003
63667
5674
98365
40418
7127
70119
33971
9736
58056
42007
72491
55306
42793
84201
55907
26180
33176
39121
77137
17873
77606
2490
43972
84070
82087
70081
23016
93393
39917
43015
3827
27692
22776
93162
19515
98932
22358
92139
6729
43246
96405
19972
64596
28681
35364
41125
32013
92667
22766
25133
86303
91224
66809
85278
41553
78845
70164
37108
45128
39500
94204
12777
54619
2491
34394
8799
71478
6247
37412
6084
28970
12036
27665
42553
91011
11261
27748
89815
44488
76780
46963
52143
43972
68721
18968
41982
39019
89885
9251
80545
61165
60760
30708
13977
80353
36812
50018
8077
37043
48127
97906
97276
79666
81969
46391
49312
80697
18709
71341
91517
89425
38527
34585
89532
43889
68095
41058
1067
10922
15644
8885
70590
68548
39331
14015
49172
59175
32602
27828
73049
67125
45745
34211
86300
11883
91335
67659
92108
13683
55306
13382
12149
67659
98247
43252
85096
60258
32016
24355
49598
85363
5405
71751
29022
55160
51232
886
90844
32427
15198
30052
55907
1416
66790
8892
49736
9736
40981
40266
36339
19698
36736
48003
34529
30
5015
23637
89208
1612
70456
56376
17099
94232
84820
43892
22517
62791
48364
40640
20022
63367
51245
64299
80163
40554
54570
74617
13204
96650
76462
16473
78875
45175
14801
88352
83129
97217
70472
61382
227
14114
42152
72902
92361
4969
61254
59518
76502
66228
2891
44488
62365
82313
11333
85970
62172
7257
37613
36339
71427
43895
85302
37445
78015
46717
74464
55402
12656
97835
12314
46588
34951
81765
68205
2955
61575
83633
22040
68031
19105
7629
5366
79962
52769
89221
29303
42653
38232
43159
36618
64040
14591
14340
32653
82248
4523
65066
24511
18782
137
12985
57333
63951
15084
70289
29434
76952
44183
62753
14030
93048
33681
44590
67024
16357
59203
4853
45283
90265
40660
22996
76075
18385
49236
52739
26611
7275
35017
92611
9490
44721
44785
31267
49431
95431
91331
42875
5808
33205
22915
2829
5988
30462
92611
2117
85108
88525
40626
52530
97906
80731
7512
74556
2636
95523
76768
35315
37252
69025
19731
33524
33205
93670
45228
22520
68791
71452
92657
45381
42007
11883
18248
27866
31272
84775
26600
36414
10761
31378
56397
23197
20275
27657
42544
58094
87356
41598
55396
59860
74319
70654
45780
59677
81592
47449
10856
56054
72030
56312
21861
88563
7982
18968
63862
57170
12512
55084
44424
67311
78323
52179
37083
50038
50747
48783
69415
80426
91588
80785
554
75125
74921
29675
87632
65246
36618
59914
85799
64118
53786
77137
57783
65011
58806
23220
13049
880
32721
61269
43875
54716
7509
26145
6142
47658
30324
45501
71231
60911
90262
85379
71182
72741
24606
56959
15617
92645
3618
80398
57349
5368
35680
56983
39331
65999
55160
10856
39296
92684
94334
1904
30546
92139
92611
75485
21526
94155
47283
16134
98769
14591
51138
70990
42151
16074
76356
9909
48347
2029
8534
6820
13610
18915
9277
42441
50844
93559
24349
52952
45490
80512
61861
77485
42894
25762
1591
78981
52365
91402
36172
94204
445
30678
88160
25569
17456
94600
25250
40997
66946
62072
15305
17921
18109
67561
79782
90205
37707
77092
15426
62292
6599
21963
21606
26145
33762
27657
50602
89233
65962
54448
45799
51544
40388
89917
80370
17456
62534
6341
21966
19871
72011
85976
74753
76910
44259
61557
81066
36005
53761
76524
47922
49585
93102
14815
93596
2856
51816
70171
3985
22950
99352
37041
53033
72261
97892
76059
70160
44421
81490
71205
86096
12663
2853
48260
3358
62837
81748
2211
63813
80995
16574
89065
86034
12663
19724
48829
19305
85681
19724
11152
89917
94304
11152
43159
62284
86405
37041
17894
44905
71231
43168
68818
45271
97362
10238
39223
76456
20306
48895
49242
56527
84581
41478
82142
65361
70595
22139
99844
99175
3125
66342
89334
44997
28967
16771
75502
86300
74435
15223
76249
72742
76502
94449
13588
35246
61989
34206
49452
59182
60244
37707
60687
15345
39067
33249
66238
40658
86086
59906
10442
27455
11397
47600
63008
96591
20192
89686
7631
83150
44540
57228
70377
95051
87283
88418
9658
34705
37559
89860
78006
82109
64096
12596
85672
8244
7012
69330
27162
64478
53670
90751
7891
85642
43972
53670
64827
27866
9415
65161
15923
3125
74413
98103
50993
84289
18545
75811
23596
4814
94654
92456
94921
67919
67521
60145
47530
14177
67859
5501
83413
72947
29679
36053
21410
15115
93270
55160
17110
84969
88051
70264
20988
26600
76307
56171
7188
82014
94122
85682
19724
67286
50759
35591
21668
73963
99623
3810
63620
73557
73668
71707
63526
52512
35430
90809
48449
17984
91830
6389
74355
19154
42346
80034
98685
20737
12596
39506
19131
85119
13610
28397
56070
95943
34672
65962
88754
13488
70257
10551
50602
89307
71480
87987
89759
60563
56680
29434
70872
81512
94304
39051
54619
29018
60574
64986
84821
16677
30730
57891
84253
58773
29163
93162
6263
71871
93560
79913
45365
1268
6831
70618
87916
16731
1631
14591
20678
40424
58161
44825
17889
77719
48292
96922
19067
3577
36964
60563
4853
476
85353
4707
62632
75418
33006
57850
99855
83199
63302
69041
8077
59194
11871
41176
56689
18707
71153
18255
86741
38946
90773
42447
2568
96329
60544
63555
43036
1825
28217
5962
43599
22915
1577
96656
16263
79480
77023
72912
40515
97728
886
32673
7137
79428
27833
88754
39635
63917
12816
24132
76363
28167
91981
3486
66976
41426
33249
11275
84835
63171
10551
36762
92573
60575
70283
12114
88858
7188
6023
85970
45767
40403
72395
4856
34705
46221
797
6841
24667
56343
63333
24997
27262
36054
73979
42007
14043
14256
5807
96552
15820
24698
91227
61809
62284
11508
17315
46706
88866
29675
83413
56397
13732
53033
88630
57333
31970
17570
155
68233
41553
29108
47781
4907
12396
10459
57098
38757
23197
77960
88988
59175
9823
23943
70080
54896
37396
11876
36618
44580
8278
32294
44611
62484
71260
85521
8799
52118
69257
20361
80745
83740
7700
25626
22831
52349
15345
40266
77075
92262
80834
95563
45443
84775
10852
20608
96223
81837
37035
2220
76075
49022
86300
35017
90
63567
26477
65326
31349
69286
76059
18545
18535
47904
72742
29260
28212
872
65809
56242
60049
80287
46107
9372
37215
31228
23943
42196
42413
81904
61201
36399
34705
29700
35728
71888
78730
10193
23047
7246
75513
57170
69977
80441
57626
22322
34667
55075
36736
82390
13876
20192
48588
81431
31239
86382
52219
26408
26032
59941
12931
19692
1819
13876
71818
84824
93824
85386
62284
29584
71554
22829
69283
70342
97937
534
62630
82748
56070
30
31006
95718
64900
70177
230
81377
12412
49726
76952
84395
18579
38029
15261
88420
75874
96656
4462
31805
65066
89686
13905
35307
1361
45780
18185
43073
18487
32673
75105
87891
18026
40520
50841
18620
31341
85723
87752
10391
64189
76286
61557
33792
88181
12450
97906
24356
61462
36961
57626
49272
25614
5405
58997
83894
35702
77447
90839
25111
62556
56365
76811
55761
68319
12998
31850
85302
47596
5267
88649
73377
28344
99184
70595
51579
44721
38946
82568
42564
75972
83017
98494
72165
68237
91588
93232
54933
37108
15728
76210
41957
10066
84739
10856
835
19442
46520
658
4384
67125
13741
62414
57642
65390
4465
43806
7028
4639
24246
27813
35949
86990
24355
96021
62453
70171
28372
65137
86996
59535
40026
54280
67396
2420
49990
19871
34346
21336
67927
24246
55907
34346
44552
74908
82014
20733
7825
42665
78395
82855
81915
11193
54410
19153
3816
88240
70103
45780
20000
85530
41475
43941
67960
42553
6393
36926
91865
73289
1992
91355
24071
98235
58806
58258
57818
62490
43971
13452
26507
77436
32196
79967
1631
53008
47283
62828
88827
11397
98685
58775
66369
89233
39022
70959
24510
36414
38232
2140
75668
36930
16322
81082
89166
9672
8698
54951
78922
99023
2853
75235
30181
60098
2668
15198
42267
38315
27806
57506
48588
56242
73769
34357
26470
72503
73976
69624
43598
55220
9991
84628
45827
60146
57850
35361
51272
63240
27361
85332
88754
8138
85133
38463
22077
89295
68721
23879
85238
43875
41760
530
94648
17456
6103
4146
61476
94981
78128
99205
75200
10014
63300
3486
62755
36190
92867
11543
97579
22268
16731
87965
71202
43137
26218
95523
27053
28207
21323
75874
76075
35333
45962
2856
59182
42686
96223
62988
1444
57349
4953
62993
88542
102
56857
17736
70175
67125
62516
29953
80681
21293
72187
94921
96969
44949
32026
6183
10854
35924
68750
66775
35580
98235
41553
27361
87461
89761
60307
5029
93409
28681
89307
47043
37699
42413
50866
33262
11503
60626
87670
67286
11261
11678
84336
53516
11746
91541
58747
9891
55667
72572
72572
17984
51368
8278
45490
46963
12724
62857
69199
12114
63729
73769
89359
10161
96265
43681
67772
39251
26918
99646
94073
94346
42413
43144
52181
51138
87461
75559
50602
9672
41936
31310
15084
73678
80353
41352
833
28163
77785
33236
48649
85092
42509
77374
37699
21276
87166
54813
86403
50264
94037
65145
59941
72935
17840
593
64986
61298
15644
42553
95716
89925
76889
93612
60122
29700
44259
37991
82523
56019
16079
68768
37613
10196
32602
84787
57749
70299
54088
68631
95397
18316
16636
64460
96996
56010
45767
7678
91258
75502
22178
69016
38946
94
78450
49377
96589
41058
70150
80908
5438
2637
79385
14770
11776
42941
6162
12582
79601
77719
2376
18316
87902
64027
79962
62705
16400
94760
29022
27235
79053
67771
90381
67973
36054
32026
40388
29633
11356
40554
25188
8270
89815
10070
64196
24182
4731
40825
5501
32877
77335
38943
87849
49647
16729
39223
41507
59028
89925
68812
34705
58056
88326
57124
55059
45354
70196
98932
84119
54813
95900
88788
674
33673
87872
42450
5148
84591
66076
86894
5162
65182
137
84095
10943
60306
14657
22510
7743
73714
35032
63240
6615
60311
49390
445
9769
72449
52560
22077
39827
94509
68475
18898
10582
70257
62442
70091
77275
70299
19293
6341
83265
39712
56284
51845
65674
62512
42008
18579
6813
47242
52684
88630
14304
65166
80106
52300
36054
63714
43311
18457
5932
5148
59569
43639
59387
57132
90155
34341
63567
24290
87841
49780
21510
67351
34585
1511
34804
64892
78405
32525
35364
17456
59860
80731
72058
31942
68721
11849
33762
93493
62783
77640
45874
