318564
786016
154604
402790
570508
299895
502565
452003
236
702330
693045
830853
530834
359237
247441
824673
251363
874498
492859
319000
269575
515351
886650
394451
619199
394398
451377
936323
690719
303087
62201
868403
189248
199505
572644
325283
4555
390396
146250
407424
670059
949099
979735
299895
488530
695673
580762
692073
622335
594916
232181
151577
851058
310906
204429
104830
453784
61038
816359
825741
793958
425525
965950
976908
168062
482997
890873
113330
499178
600880
959470
634706
966992
730791
746844
104336
930030
740847
434563
784377
789541
550417
141003
891318
893012
950853
502565
126869
216908
847424
11836
672559
442956
103434
378761
279419
510289
606893
430578
714112
669964
936323
325841
602192
364908
909431
390833
484530
538332
277393
89857
600050
613624
684690
407682
663346
344031
379233
767123
337021
556991
850706
71230
765439
690538
75955
690090
501158
359237
812185
799553
434563
163994
167850
499567
602192
719442
959470
407280
571678
900193
959669
622358
53663
594916
308184
987159
456903
347913
59150
731755
366987
344031
744646
584410
117891
465533
348585
471498
622358
502565
466933
269575
954504
113680
258710
950829
670059
344784
371332
778974
450263
247441
232181
240127
539656
51048
168247
949099
198898
110224
141003
930511
865446
333220
903286
317422
633961
930030
81374
451377
894030
784139
731409
277393
859157
787978
735710
694738
814181
913297
23556
465929
151577
434563
305335
288300
891318
235843
520247
604526
440280
110087
767747
533101
244200
680729
199505
190747
306981
612867
619469
754897
101069
245678
502565
854532
421399
931923
894030
784139
522417
759037
619199
325841
570508
432725
408850
521001
205486
446294
993108
766936
683692
293387
130753
23
786016
661337
646868
827191
764157
970827
360843
133481
216908
830853
937119
622335
684928
409189
344031
686140
815194
239887
972906
247648
756889
947075
405973
343399
778974
928877
452374
26052
418611
574658
144815
890873
103158
752399
921206
622335
158408
721392
593210
4555
694771
63703
324561
639459
681179
430108
695410
754897
222614
653332
852692
440432
136056
236146
596246
741702
682665
646868
452003
466535
687037
929048
633961
236
567510
414346
39032
485002
390396
499567
690719
62201
892376
305335
384657
245338
773739
600880
450193
571269
387356
35829
848407
16990
851058
577202
619469
868403
84460
716316
440266
458751
784418
452374
608726
387776
12344
848222
511349
511457
242760
139863
273251
161323
658051
232181
228830
450263
154604
489992
580762
686140
973555
751453
364475
458751
146250
442573
428314
243987
812185
247441
177579
949099
735710
69112
126869
158244
606080
189248
163994
408141
342723
473582
716389
719442
477417
754897
325841
421890
627598
893958
786016
811873
430108
205392
682665
612309
650908
545789
776625
59676
157533
670059
12344
846117
249569
567953
892376
422733
118877
900193
885144
342723
775783
97172
740847
798606
817099
606485
13005
101981
232296
265971
847294
903286
655617
357677
136084
111437
784418
956686
279731
268914
2312
17250
877313
558133
972906
205486
236146
748797
165793
677231
551705
176744
137305
740847
306981
937239
245678
129377
969559
205486
661337
407280
228326
885144
745541
360843
769618
357677
861596
251252
975533
794497
430108
746844
868277
411154
190747
593210
130753
171524
997280
112392
228830
4507
473942
11192
300055
457204
773098
402790
81713
907220
727942
64518
53663
466389
59150
683628
646221
593210
716316
515351
458751
684690
329676
872189
886650
690538
188148
343399
499178
504111
963835
604526
75702
182030
642071
927265
1549
205486
683692
600020
279625
251252
975099
182030
268914
834267
318564
488530
993777
653332
511349
799408
740288
397773
773739
550417
909431
377878
536159
256875
963835
155165
802764
694738
342407
596246
130752
772925
452374
567510
623356
33688
325283
520247
340028
220662
610602
422733
623667
265030
868277
610602
577202
830957
959470
959470
995290
766936
861596
848222
846535
777028
809522
357677
665079
440280
76804
425525
70821
830174
136056
754897
239165
909431
758721
623667
843359
484530
754767
150551
473942
340886
112392
692073
546408
345066
563281
893012
908949
229597
76183
746844
409189
956686
370427
464405
773329
778079
753041
652993
360843
912822
665536
622358
917101
997280
23556
616987
647544
716389
62162
606080
471498
220662
930265
440432
714112
579353
623853
440266
384657
862463
978906
924354
825741
344031
251252
665079
382492
501158
631676
450193
572644
722166
543098
306934
606080
911781
849060
811319
847456
989252
484530
318564
278606
765943
318703
101069
319000
752300
670021
954870
754897
627598
245338
137048
915305
112392
258710
868277
862463
535015
339305
463568
827191
545904
126869
563513
450193
744710
753041
118299
966992
681486
502565
340028
302899
306934
906058
655454
655617
502565
745541
366987
746844
684690
501529
608726
205392
457282
655454
188148
509186
537405
760569
767747
344784
63703
299895
659917
53663
760214
458548
920503
453035
937119
239165
994203
602192
244200
936323
463842
523480
606893
12344
881293
670059
165814
99454
325283
975099
990771
567510
895898
781608
418028
575780
853345
516806
23
594031
208416
646868
690538
655454
865472
690719
394398
440432
440266
610602
308184
247441
571547
868277
103434
12344
111084
269575
110087
356059
669964
293387
731409
177196
99454
240313
381984
412867
407424
662189
186898
348585
917101
844428
627598
546408
110224
927578
330290
684928
612853
529693
571547
534747
76804
622358
277393
432725
655026
749639
571269
60355
502266
242760
815873
932904
109006
397773
484296
442573
146947
463842
218620
937119
954504
830583
249569
947075
906058
606485
639459
177196
467668
867940
683035
612853
752399
1549
23556
876643
163994
465929
610602
749639
485244
776625
885089
865981
731409
969423
430108
769618
422733
610602
268914
798606
942528
453915
74862
893958
173636
446294
387495
171524
416807
778974
759249
885144
656128
342472
765439
112392
136084
2312
790906
342407
312518
600880
16990
4555
686140
485076
565261
930030
1549
473582
623667
448544
584410
533140
229597
812185
499178
972906
93507
633961
773329
201920
359237
598192
190747
348770
81713
332423
38248
689852
482434
633961
814785
5939
152936
246541
381984
484296
489992
141003
429765
633961
706823
2606
485076
171524
62707
993777
451377
42195
876643
786016
695410
13005
253572
249220
944369
677231
499567
176744
51048
453915
993108
917101
593429
177196
53962
61257
671194
309120
228639
993777
501158
4507
501158
975099
390833
652993
787978
551218
275565
847520
245338
366987
886008
509319
16877
781608
825741
199146
452621
440436
220662
868277
485076
931923
692073
324561
594916
232296
537405
886008
251363
101981
543098
228326
579353
911781
452988
171524
764157
941144
75003
802764
229597
339305
35829
627092
859773
586851
881293
752399
71635
612309
269575
988448
309120
893958
876643
504111
694771
35829
694738
683343
876643
136056
612853
99198
339305
402790
907220
751453
110224
766936
247648
585008
324561
157533
914736
567223
177579
697597
177196
838416
741702
502907
560721
787758
594031
877313
789541
543098
460284
865446
430578
387776
75003
243987
429765
775783
186898
394930
907220
93507
239858
652993
309120
802764
35829
189210
571269
529486
465533
517824
249220
903457
895898
765439
538332
959669
253572
761967
342472
567510
817099
655454
499591
397773
416807
411154
113330
650908
979735
412140
126869
673889
886008
777028
883924
808085
359331
110087
830174
504111
485076
511349
652254
815194
930030
189060
556991
457282
119431
892397
719442
103434
130753
39409
650908
885089
469112
251363
312068
857454
256370
639459
136084
103434
744710
266046
767747
325841
204876
997280
510289
70821
247648
893012
989252
243987
