28361
79152
65287
53327
14145
72571
69088
51876
80603
94764
5675
6455
63738
8371
45789
73908
35649
78425
13800
79358
89773
49924
2463
97113
760
58216
54925
87916
25194
35219
71778
38522
27426
1056
65363
63441
23723
19884
7006
14692
53149
35683
51713
78972
3903
72524
80081
39218
26224
12894
96484
64079
16188
22749
50011
24020
52685
50909
61107
38804
15311
7314
84233
3538
24419
24441
388
14392
30413
95669
1929
72842
93221
40330
393
16906
4743
55121
25872
71330
97238
74314
9025
8034
3513
97480
93055
45264
87182
7798
58454
9119
76806
40116
95484
86133
28894
16718
50143
57929
68592
50145
43578
50587
21155
89365
18984
92403
9897
61329
89269
78208
61060
93522
95417
67054
12028
57920
10914
74218
92901
48883
82730
88426
10471
5855
17669
67664
59057
90846
79774
94488
83312
71053
84295
16364
6897
10483
61329
81786
53093
35943
69873
69836
17503
10925
95170
78941
85285
44870
20569
80704
19521
56736
59291
32266
24511
64012
81146
29078
24380
71783
42581
7525
93767
10577
33503
43101
69687
35773
45772
55016
36414
77271
61673
10547
63249
56968
49238
75237
24315
73123
61163
97146
47719
31217
67659
16491
31641
56944
12145
78208
85286
43034
52059
68214
60703
37844
1485
50713
94199
95233
63197
68740
46254
64277
7174
89009
58389
13239
66092
17233
42366
59319
53798
23669
35964
98732
66803
19683
61150
79305
19103
32944
92757
5541
12484
97480
33466
79035
13036
86094
93168
33191
30228
4229
28719
2456
22072
63847
47097
77661
78431
91935
60074
65304
34002
87620
91572
34893
1413
41370
89167
42194
64237
63886
49459
45898
55441
64579
60466
76465
17286
16132
19967
42969
84562
73124
23773
59566
68611
90640
90499
67332
29229
68075
13882
96893
46735
21327
99273
35219
44213
87086
9500
4346
83593
43503
50346
4747
46353
5335
72154
23260
39263
33747
67109
84356
88775
346
34717
91572
44214
66965
99897
76486
77367
41879
59243
66502
24861
31577
95471
74775
61664
9154
15145
39845
17300
15179
93459
67842
88587
93462
24380
24439
57635
43882
44499
94461
50819
99496
12816
2518
32786
26955
84403
6240
40919
2773
56389
19173
30189
2427
85763
51084
35468
75047
34387
43103
15901
70451
95869
68373
90997
85356
74896
89619
96021
59089
73619
53047
80087
30342
52789
72613
94952
88059
67736
89207
49763
83341
91734
96425
1825
68566
84296
44851
96051
36595
46860
7451
31822
97520
45096
74430
21722
20206
88931
73443
18873
42773
28190
24561
43336
47508
21359
9297
25415
17101
58867
98167
85296
21177
55243
86725
24508
90507
12875
36734
3448
65867
42420
16719
88775
48890
24878
96898
74255
54847
93432
29991
2437
12643
47363
54328
88019
6838
54701
53548
83758
23211
28398
90324
90109
21956
92975
70506
33680
96709
55329
9476
11757
28354
35238
6447
77969
15828
30531
93406
36774
4306
57507
5541
65219
50595
82903
89
43545
10889
50880
87637
81180
94771
86748
60275
76438
34067
20269
37809
68373
7599
64040
63308
31997
66708
77167
27615
71361
74656
52454
12651
97374
83284
34306
35096
38931
57441
32147
60253
90220
78376
59455
93982
50304
60314
48623
12847
35336
81771
48641
25192
33366
87817
38049
85524
91540
73934
85218
14829
880
66844
16228
72993
24920
6531
68155
41339
29766
70917
52670
31914
7137
26612
36860
3133
27026
1122
61186
88587
21714
98327
88205
46520
72680
76584
52427
40750
99094
38207
10708
26926
1682
56905
46655
90745
33967
42643
72404
19552
39196
9535
28969
11739
22027
48166
35880
38851
9506
91895
47546
92499
77174
10215
43072
8929
89507
12014
17227
35459
17436
7656
38522
48041
74364
58268
88810
6796
80560
54158
64286
1053
43230
8472
57402
11058
48737
90374
48143
86237
66513
76577
8566
63438
80704
96564
59243
96051
48354
22752
82958
29193
25691
60303
77193
3301
19899
98281
2041
907
18323
73476
41859
74801
31653
50570
2302
77991
21945
24533
95957
81023
65931
34612
6937
31693
69498
30400
72774
17914
20392
86957
2189
38924
27835
11533
72447
42323
54351
76806
67092
17031
34002
15662
21177
96648
92561
64264
83401
87464
22196
58151
27746
38367
33142
79981
29169
90769
50232
24419
89015
49978
24698
76300
61543
1264
95990
75917
9786
16976
15238
23489
98116
21945
35880
45664
99207
81656
57687
48429
94488
80459
62596
32305
74026
73980
82197
3257
24166
10067
94362
13358
90499
10393
43211
16202
90068
32119
3680
42594
53461
78629
61752
35964
40919
36150
85682
35398
2115
42222
38753
99060
87273
97978
64464
19669
28975
32744
59750
96783
95551
60495
88426
50231
4695
11031
22150
91836
74210
77991
69474
14925
70560
35842
24970
96616
93998
85056
20075
30139
17322
42323
9025
43073
70101
76609
339
73967
12092
78446
38036
92655
58389
38112
76915
18402
17922
73371
82473
85668
91977
8079
52215
28611
50403
61163
73067
76689
4441
51697
15027
24460
31473
70418
71902
59864
77520
80290
77683
12224
24931
48935
78278
50819
81145
44638
28436
80355
59057
97590
30096
62643
27422
71611
79876
50124
38187
8101
9215
89541
95861
81172
90719
98885
3926
15826
4350
72197
99060
5603
24875
54742
50304
67969
88498
69979
49996
34741
1360
23513
72445
31067
82004
7731
41963
18455
48747
33334
65931
55526
73342
65625
20529
53246
68798
48159
305
57531
47061
85743
37785
75341
29991
33399
43424
45789
37490
44766
93678
4052
24490
55407
42011
96648
71426
91093
57402
63014
85848
97978
18860
24970
8994
47993
98457
50231
27981
59864
543
27422
49227
61186
59212
17440
81043
28346
99334
40499
50249
38910
78355
86237
17039
1953
40503
29507
59577
29895
98539
18860
43839
42199
90485
21656
60524
69329
2517
58624
13885
29691
53078
50346
93672
86123
25508
36773
90326
63470
51379
76085
86123
3327
8829
3609
26691
33177
60391
22871
65872
7401
91869
25705
71202
73491
4259
21127
3898
16635
65268
99123
43511
61371
80033
17173
91205
76947
66273
50850
87156
22690
89536
18558
98963
63633
5546
68075
59645
34147
61997
92540
37221
48972
22141
79162
98116
19427
27548
83099
47570
3448
6751
87624
11503
96531
81348
93385
33441
18315
84242
30482
56519
99931
56258
78326
58615
35211
8981
24432
86792
33435
21050
65330
2017
88305
85134
86388
58746
19029
89581
45258
99401
0
44487
18146
10705
222
54341
65433
5068
16347
37809
26612
45757
99265
45551
30826
10048
4021
28627
29683
13882
78208
46693
48159
68296
33478
42095
47924
2650
88837
4259
72404
69189
14686
25057
46635
9701
83444
3680
35809
13265
5997
50030
58400
50425
35872
7748
42053
82199
98698
97347
79563
71528
51146
42969
68516
34638
26999
25679
81409
87433
76927
65662
85316
33546
87801
24611
99505
24809
7631
97876
17612
87415
85689
80796
93912
61519
56077
82924
15425
1842
92265
26690
38588
3485
58731
57117
10492
1261
433
9438
54343
66854
365
93447
71460
30057
2321
54722
93168
20996
74597
20842
16132
63180
19572
81771
87334
68284
98664
4948
6284
26004
56077
88976
90523
15379
18245
90557
76165
97635
96714
12299
8532
91022
56663
14989
32536
87698
18808
95595
51038
95778
97478
18935
46227
3936
94111
82871
25194
6935
18808
18297
24490
70392
48688
33345
64659
88443
60358
24824
33597
65287
62468
95313
79774
65569
85583
16884
33735
1631
91411
67373
52139
38178
70171
99404
72680
93502
36644
14491
40236
44689
20714
42342
84714
97480
3350
45413
11801
26181
14098
63197
8353
75751
50232
94538
31497
95362
62303
41470
68892
95427
80219
92726
57542
71423
1470
35790
95313
7069
60517
83675
13616
9786
31640
11961
81029
45134
62885
11248
16936
30827
31394
47937
9419
35756
5039
93406
40180
89866
47337
13086
91740
90561
67966
12937
43376
54158
4807
21677
27631
8579
92203
94589
59547
31888
6115
20920
48058
67197
36737
87256
1928
97008
27376
97412
63440
25719
30755
1487
38609
44032
18161
63014
4194
50395
95392
23732
31822
32856
16507
73926
24166
82491
2658
94198
97887
97100
90060
33092
7973
89246
33677
77797
77191
51773
83775
64705
49527
23119
83427
93515
4616
19884
44632
88019
67676
86440
62039
49199
46395
42190
45825
35711
71039
94726
62835
16188
7034
9726
77959
27839
24269
4171
67740
88603
23598
26566
37434
44318
66168
21278
39208
16209
99725
89954
12839
48761
49378
30033
57997
579
58731
62827
1470
5300
35657
79944
92369
70869
10892
70458
31909
56519
1119
27839
84637
33546
31653
10101
38556
12487
54967
23930
75995
54341
41164
44645
85587
66168
89031
9517
3172
86121
51773
84127
67592
89515
30013
67501
40080
57324
81018
13787
65418
39122
2533
89136
60149
39845
10393
33723
39998
70336
47039
71250
16364
12583
44153
75743
38556
48588
15172
59105
3523
24472
38757
71528
14794
61768
35279
8933
64705
6838
84236
7401
2802
23737
75603
38216
17684
10925
67018
27169
12145
7901
57676
91756
50430
77916
7631
87288
58570
68426
40548
51396
17454
75599
51713
99498
56359
68377
74336
48735
18860
60802
31237
60296
81374
14641
61357
59406
9212
77304
75857
13183
5213
62303
15238
61357
37434
58694
16364
22055
88640
8251
82197
48354
75445
6531
10915
2645
55207
40618
15390
22999
90898
19029
60189
46067
35279
23142
28886
14849
58801
84425
36590
98286
54645
88133
10471
72049
64514
81259
76137
46751
91703
46207
73936
32552
33506
22121
67245
16034
38575
38785
34766
30928
63584
62905
94538
83808
25023
52268
26865
78276
64326
51409
54062
48071
50232
30342
63766
30326
53505
59695
67743
69966
46308
69041
92042
97463
39751
4880
94846
26054
91477
70152
33937
90654
2533
61330
20993
90158
38757
83847
23119
63675
65262
58846
89026
68728
87285
63438
57137
99207
81065
7731
18161
86133
54231
54396
93662
50224
24091
54556
19568
95595
77304
35078
12871
36562
6115
4863
46751
13616
50855
52856
68603
5607
13622
24899
19006
88805
25554
58109
84339
69632
99334
16208
95710
87285
88830
97113
68131
57005
26545
81119
90649
27165
37490
46754
853
19270
60074
51885
67526
16034
97687
54529
5596
25655
59645
89848
35336
9485
98327
30326
41273
44520
84637
8255
43232
11169
99933
94323
15103
10304
63984
80689
89118
57277
5494
76758
61282
85536
79813
56362
71794
94871
7213
56692
93102
83233
94871
44824
24754
93149
96454
56491
25027
3133
77367
62643
72843
38521
32614
22861
26691
62569
36628
81945
29866
74214
25407
71153
50262
11356
21742
51422
52737
84979
86121
55637
83936
47939
3976
85043
7460
95233
45675
94716
9574
35423
78158
41791
73568
15405
17079
97347
52604
40662
51658
53246
46647
9590
30136
3693
73974
19583
79944
16348
61785
53457
97146
7079
36017
6254
45402
4484
26933
25462
6600
90131
689
84475
22150
75951
81097
15391
7902
93168
14953
85077
55857
16607
1038
96892
42709
67427
11649
66555
51493
60523
74110
15359
79881
59158
81991
70427
71202
46061
57507
48677
35344
26809
15217
56922
57903
53913
87534
43511
67715
90848
17686
94452
66656
93218
10125
91022
54623
84855
24270
88618
91540
25997
59229
74923
45287
53980
26373
85336
39603
28597
57072
14903
86123
81460
13117
93094
91592
55267
21508
48455
93443
98465
67202
28495
75909
60253
3871
91581
95128
28485
27046
80550
6909
96892
54231
24441
73568
31928
68214
26010
2783
86485
60311
22222
85487
756
88915
12125
37986
52331
90898
6357
38050
24571
14478
67659
31928
41859
65625
65013
56795
84123
28007
5583
68155
40637
56954
49419
52316
62489
65582
43471
84257
94323
81842
66844
59773
85564
9060
98804
59314
85564
17895
20239
92066
73936
14771
3887
41313
74321
90109
44645
99123
44800
28324
59841
27642
99222
88597
60303
49537
79055
65904
37087
74011
84680
27615
1091
63731
79089
2358
94475
75995
63249
1821
35473
88540
19186
15662
12573
97424
81576
58685
50379
2525
96627
20947
53280
32104
89693
53482
27237
22861
53427
56736
72586
62365
89743
5067
31169
95210
24765
72843
89570
63195
81356
18127
1797
27419
38688
67065
94952
80517
45614
50046
1990
85848
7731
81356
93836
67065
25337
12847
51847
37950
63733
97149
78639
99207
14697
38201
12257
21034
48990
20553
58454
91081
87273
25408
43109
89447
93836
54119
27303
35943
2013
78202
91756
64294
53652
57112
28730
64816
28570
83808
72927
68661
68164
60609
8513
5842
95669
84852
21696
73913
36844
41296
4743
73568
10783
62905
53668
11254
22376
30531
24208
53987
38420
74185
33506
69667
43857
40980
56056
4747
69864
24164
56280
84771
25719
10783
21742
86375
82920
79881
46751
80028
96531
44655
94993
68703
3752
24821
49238
39563
88473
84714
1657
64514
9055
49328
23142
78097
71931
63733
36349
20530
2601
19815
49388
80659
20714
80290
27166
73212
16280
88926
72637
42582
47610
17698
8991
39315
40452
84772
57501
42709
62122
8813
53659
70152
2568
9953
85564
60925
14153
37587
55199
8595
87831
39379
9289
21508
45504
83716
97941
39797
42892
19825
17101
1598
26162
55786
67816
93127
5213
45749
21481
82395
85134
71718
52810
3094
94284
39458
40662
606
88683
50570
6709
50788
8634
72893
41921
35674
21656
16437
96648
85872
71845
31575
39563
44153
60303
77501
43746
25894
96399
79944
39379
36349
19794
35468
48923
64372
38258
31765
18297
17845
6485
87137
15918
52704
12724
11989
51936
63996
27664
12847
25532
62679
10236
95535
97463
622
23986
23588
51760
23981
5478
87008
35460
36150
95872
43168
30114
95113
91735
33088
4402
49180
82426
45413
57003
46194
68822
87620
62774
80132
42583
31928
46914
72882
73013
98116
22232
80071
13185
92652
3138
3742
37772
96735
37434
6314
38235
24533
11474
34080
57310
33503
1821
23945
20028
72703
71241
19453
45844
41444
45716
18997
15507
39144
28260
3631
96456
45772
34271
25644
53149
22602
23489
49535
29196
87563
56559
6195
54134
13265
74923
27362
17501
17173
3539
57464
4849
28030
61657
45445
38533
34492
88829
8784
75961
72948
50594
74048
45617
70826
61252
35657
98790
93345
47866
57072
78965
90987
2935
7181
37283
59628
2601
66004
358
29836
84017
34492
42931
5453
53147
4217
95875
32277
15963
30051
10617
28915
21696
66676
59246
14849
80801
13654
73926
41370
46435
14785
63584
79876
63646
35181
4214
51687
62039
1682
62358
35851
21508
77189
34573
92831
22010
18986
69157
87542
5300
12816
29195
66396
22242
27638
97563
55766
34463
11254
12265
84283
27475
70451
16406
48747
99060
23418
8676
83936
13543
1485
95559
59448
2859
78017
6082
98261
55589
63981
91368
15179
39643
52159
45573
95970
23578
73390
19030
96718
38910
43471
66965
24970
63946
5762
49496
77685
86909
30333
90561
37763
8055
63855
7516
88398
68957
10771
34738
68822
86981
78121
91205
29064
46061
93345
47939
48275
5817
37165
74415
74415
24956
95827
22844
51240
44645
55216
31878
21375
24091
37753
39458
67590
28963
48303
31822
10118
12498
16525
7086
70634
99566
22955
88079
34351
71330
52467
87109
30405
13160
25769
53064
95854
77174
45422
59941
44462
38575
60758
88413
98790
94977
23572
71512
49300
44521
79615
56292
66656
83677
47546
77774
37007
29879
62905
1925
15172
88346
44689
71250
87311
65176
45880
11236
8641
55289
62474
60958
23470
84257
91703
95869
35211
61330
33113
5933
11226
58533
17471
51132
16976
88160
28405
33723
35880
83154
13752
84641
65170
68451
40213
82620
28324
67386
80038
59158
43075
69489
31822
23645
74761
34738
47475
48171
20758
77182
79981
17927
97727
93837
13787
51132
34931
8055
60829
37964
4207
85564
92990
71929
10751
33255
49483
73528
22299
48668
10705
46385
42607
1676
12006
16220
97314
27756
98465
89447
5568
23949
82815
8003
63093
76026
24809
97941
2471
5603
22141
7785
80690
73357
69182
39023
64911
83371
4431
61908
27716
10483
48677
81333
7631
34365
16390
35068
19030
81366
21331
8784
66517
8832
63946
35023
93764
92582
83027
78355
94284
27746
24657
78944
11672
97463
42818
81014
56556
44032
93825
1631
4431
42025
24695
23297
53861
95317
5661
85052
89951
95327
20935
15377
53674
43212
24314
83271
64372
43776
51035
13897
59364
14132
24447
38757
57779
98776
62358
27561
91244
85773
77407
43230
90490
73093
88562
19926
88846
73385
28324
78446
95177
4531
6339
97563
62057
48677
58133
52485
31883
77178
25407
19492
84385
4819
91694
98765
14153
37231
46520
32575
92831
16402
33650
92680
43006
81018
67816
37856
63636
98609
35119
44188
33597
16939
46207
94646
81752
8632
60314
5980
23153
17006
8707
79370
44725
28865
61673
40381
35291
50739
81981
75923
39433
67054
30396
26697
41066
91915
27740
78278
46751
42225
9822
87624
89878
3898
12050
31765
40362
32692
44393
2164
25679
4863
72893
14172
34126
28188
21704
57223
53805
61274
95716
87542
92589
53805
58615
78770
86957
95778
80843
4407
60644
40866
88562
71954
2617
27182
21250
39792
33703
14918
16718
90920
17006
5675
46620
59524
71039
71757
82971
61711
13001
43607
13819
37200
67763
22120
17344
40309
52427
80181
13625
32536
69157
54158
11315
12246
92949
54873
59089
91083
20529
40131
93055
75763
58042
89541
42680
48067
18564
68361
85872
3178
534
36008
63470
62679
43607
96870
76278
97727
31448
86311
89570
8500
66841
4434
64207
53273
77472
91836
37487
91638
83032
25457
21107
53974
14231
69199
17759
92127
5352
85145
44554
89606
97842
28730
35238
53960
71202
29846
99211
4431
55217
56077
4640
22222
25892
3539
70205
7469
23045
91107
62201
79152
88234
51760
60899
40511
96180
92725
32695
93982
81575
7034
86228
16491
40335
93772
23463
59201
93201
59983
69700
36143
43511
85241
782
98716
30579
62478
40287
36847
57560
26995
15901
26603
86987
89057
61673
57873
39860
43264
57310
68661
43721
31201
91764
64462
3172
72931
376
28730
87591
88562
24364
13549
26138
67373
77232
19967
80542
60430
59830
31678
98788
16057
37231
63314
69474
91638
29819
84527
63472
86350
18890
50299
88285
5395
5262
23609
74761
14459
98736
93347
8813
65330
87801
68296
29804
89972
2858
36821
45955
47975
90491
43726
92393
12028
6908
58371
10254
83071
82341
86476
84633
44713
92375
55126
4509
3502
93410
63984
9535
3512
52765
68197
74011
20530
85992
47866
71324
59947
56840
77752
89246
40662
8034
49976
57467
3975
56665
65823
33503
25645
12549
12234
78705
45153
27306
35491
20738
10141
57040
39402
62870
42821
77027
34031
37959
346
20800
42270
2859
77598
11474
51549
69041
53668
69230
51951
47394
91325
23418
39603
86957
55255
38318
283
47711
56054
91325
80726
28416
49574
49555
54421
91545
99185
37328
93299
24054
50254
1605
77178
23992
54158
32974
33314
65904
28936
58334
21397
2782
74654
47462
25703
53960
61711
73100
67989
31086
76915
90492
28934
98501
6964
52268
58130
82148
1654
27374
50566
25233
6169
12025
24176
10617
8299
10489
60158
72965
70773
1424
6314
58146
78929
23213
89015
61684
4313
98281
40053
35078
83562
96630
23746
13897
87086
44824
80801
1255
5675
67332
91783
30139
5488
96475
4967
12665
88160
92491
97887
92403
66747
91764
20414
16516
65916
40501
78751
88443
33574
79602
18146
84123
77026
82086
32360
10576
74842
99117
14663
62793
95957
26186
1314
57051
46485
90175
23101
45445
84046
39617
39888
89009
42969
59264
92445
71240
82804
29594
4329
96666
24433
91771
70773
32313
13271
60139
66259
84257
44319
3996
86839
62905
69803
71397
98057
30599
99400
96418
97842
72827
91319
17546
52427
76836
6339
1929
22978
44689
38318
16169
4018
61963
44645
81619
37221
78219
65408
15413
90060
61638
19433
72586
20876
50896
47866
53322
853
90045
61821
19572
28963
60703
17160
28185
54080
87758
89315
80517
11461
61036
97530
91666
81279
92341
62478
95170
15580
88734
27649
41560
28269
89972
21093
6908
59796
53063
10589
73896
12938
50609
5181
51793
36917
27712
43244
15627
17309
82341
45413
57507
32227
81460
57517
11924
1953
13546
18941
29197
16091
53915
2013
33028
62591
7761
23153
10872
13588
54328
13355
78941
92582
32626
59228
9154
60389
30010
99996
82871
88130
32681
24225
36912
66396
42423
56555
67659
28354
98257
28181
24116
93376
88193
88187
68647
89866
46436
51322
40457
86259
67678
4021
49788
62181
60644
21370
77193
45609
55098
54396
84578
94575
20278
59264
1487
70504
23737
5931
19984
38560
81146
22350
86645
5348
65016
92306
66594
16883
53119
93094
99222
9535
44888
18776
48035
36580
15140
51629
39925
13861
58267
63526
27140
79735
89585
57507
44219
79206
67801
14190
17309
48740
89407
48458
61031
65418
87807
68865
56299
74335
78519
48399
93912
70101
92094
91484
19926
51629
52545
46195
34602
97630
71642
61638
63620
38036
57053
73174
48747
14689
8138
82991
6564
67463
3817
36563
61519
73895
96898
37844
57676
16340
87675
56502
44654
94871
55407
32616
6863
8868
83604
46751
12643
22691
56341
65056
58996
44319
11966
99050
49432
20530
21885
13885
15335
31341
37565
83342
56362
18938
94119
72118
70500
58675
24166
42527
82310
62409
13265
80765
17527
78939
93140
82086
42246
86072
58801
65194
25409
73185
12246
57676
19233
57804
83604
65618
44645
16939
63998
47993
29827
85448
63222
58259
38322
25857
63043
89541
60809
36590
77683
34002
32640
54134
29594
28287
71528
95438
23994
64835
97982
88098
4229
52959
60391
65888
76731
26489
39842
86476
2213
24433
76836
37271
22844
96827
79761
89606
91941
130
97492
92990
34856
49723
92975
1742
37596
78322
37313
73797
90545
61019
4333
52789
49840
9500
90565
13116
21087
22039
13998
2568
83027
22380
59793
50224
65728
72397
43047
81281
21578
28147
15105
86350
80231
6455
30771
89693
72931
78355
18935
53110
8429
93869
58860
26803
5098
59689
87472
45716
13885
87871
30819
68000
2213
16452
74818
84242
31319
19602
74473
12092
27443
44851
16125
5675
25677
87807
36075
56876
32277
95273
82262
59464
90920
49049
50891
12898
18441
17966
29130
86862
28843
25415
62062
72445
19233
82791
35628
77774
96989
91411
42757
68423
11285
8138
55349
30462
29251
55216
81065
4967
57110
59947
84471
91036
62575
44554
31425
61357
45406
85986
90086
96545
27443
15612
27642
57676
10746
98818
80517
78897
60133
78981
69189
45979
86072
4112
48277
29377
50570
40819
47824
33419
91312
3757
85336
44943
346
36150
14172
13857
30740
77093
29414
51241
49924
30530
69036
51687
21867
87916
38176
68052
78626
90654
93473
60001
61530
97842
40774
61107
64012
82731
73430
6517
63895
18766
96857
6845
69873
23153
55394
71477
52430
47549
8408
94829
53233
77936
9548
72228
73100
61989
49907
54421
23588
52274
37497
4102
69835
70624
86476
97156
25015
39860
51760
86609
29830
63191
73489
13882
63252
68573
45979
55095
82310
58813
43113
63714
31263
81172
81146
97100
16786
40527
83807
20169
31394
8994
79793
46982
81576
91694
98342
41066
27367
66502
2289
30053
52427
67736
97909
4306
24559
33399
48740
20866
21003
12875
66273
86394
12804
43230
60315
65079
55414
77949
61669
47097
60672
17031
67200
71734
94058
54528
88618
31169
41921
93299
86171
27782
58667
99641
71034
86927
98457
46276
86259
29836
16810
97985
25457
95184
75638
31798
51677
59927
73534
76018
78519
47924
30016
33203
94433
81189
16135
79071
15061
83604
29507
92053
13998
7174
67721
77355
97922
20866
93609
39497
8379
8020
18096
64877
81374
44442
49923
73067
94902
51810
84432
25450
98193
18687
50731
21176
64884
86003
62443
29067
28782
93836
97278
83044
75207
33466
97444
23737
33028
13549
58476
90920
64464
97909
89383
9759
39106
6593
75738
34451
70447
99064
92196
95849
18564
82270
81729
35211
5096
41790
97909
90143
8338
87569
47789
56992
760
72001
44417
79727
69434
5105
63191
50509
47187
39122
51677
98844
62591
4893
9678
90374
66416
78168
68451
79486
67539
95631
11378
2774
73107
33918
25773
66132
95273
40536
73723
57920
41612
23646
13819
93473
79609
55023
15222
86416
17896
58151
54970
67119
44800
21084
73865
66045
15338
63314
91237
29282
92817
61673
76077
69157
98736
17291
38036
18101
82838
3941
21370
52427
38757
43167
52810
1518
3426
72660
13576
2375
71439
11224
59627
57488
18829
94750
32032
44417
56114
94496
89706
64820
18085
36646
65330
68435
82194
20524
37950
39960
4259
16207
56056
39229
25554
70152
96545
50379
31938
27646
53322
8136
15963
64372
62560
67690
85357
77407
68714
57006
97497
57858
54847
99345
5068
97749
87008
40084
39791
40904
80183
31930
99541
3796
91094
52485
81147
15222
37007
36392
21677
75855
70101
66489
86267
19453
1465
49493
19492
25782
71737
16203
41812
26224
93452
82825
62166
7402
32314
43212
60133
7917
65182
90093
91083
37233
72358
24935
19072
59866
93299
93682
81719
44928
44044
30638
59356
57488
68516
60391
98074
4849
36349
17500
56619
79035
24439
71768
99222
24031
52675
71820
13116
78393
98702
25680
71954
60275
45601
51965
2427
56663
31557
67249
33028
9198
27165
53669
93997
89657
3613
98788
10705
42053
77472
67119
27516
84819
86171
53830
76403
9289
90280
66409
64911
73107
31728
77071
63006
33417
78885
94426
58529
55470
99811
23732
64646
15901
29045
78168
96709
94362
11571
98212
28221
91671
55758
43356
51203
37986
43822
72397
40701
2141
55664
37046
74972
76878
53336
36861
80603
32944
78135
68635
95113
99541
450
40214
15560
84017
61757
23119
33747
57720
27523
61200
43376
85850
24852
1314
5174
4666
5395
74946
87966
82798
3350
67119
76115
84272
44141
55382
62905
28188
58339
21472
61031
91022
19949
6814
82406
54533
94812
9052
30643
1842
64772
53141
76110
84235
5100
42011
66529
29071
84176
22380
17759
66169
46838
43746
31736
69477
36590
15140
30010
27463
8500
5395
23825
59494
99026
87212
46655
59704
1485
61019
47865
79988
88815
79172
24935
17527
10841
73694
859
47976
44841
55893
76689
7473
63116
30632
88866
62643
29820
43047
69452
74148
80229
89954
44188
27810
78202
35021
82620
14829
2375
68463
38614
7731
15561
69360
74457
71467
6908
65405
86133
25703
8676
77774
67209
49976
91375
97022
45027
98667
2635
78994
77916
12656
80433
87801
2859
85704
82249
67839
79933
62062
43631
11594
70451
66841
25841
32699
79563
97319
35873
7196
16936
13125
32530
33503
7917
88131
92160
14801
10061
7390
23986
22232
88059
31098
26469
81692
83847
66290
36528
45432
22809
82702
86369
42140
14255
569
64772
82642
43044
74812
32560
73192
55859
24879
69812
77039
61341
75305
49052
54528
36489
28627
75449
80868
61261
55023
1798
7663
29845
28327
56545
70171
62050
53377
32325
63757
8374
17557
36805
16364
98501
27367
95198
54057
51146
77570
75995
9897
60586
70101
74462
34365
32597
99785
35809
3284
66489
2970
86819
88069
59524
67109
86476
90131
64396
93609
63549
52339
24667
86228
57467
91764
54997
39905
8506
62186
99933
44521
17860
52509
12661
5348
26209
97018
11926
18722
75680
25143
17759
29094
38237
74214
25679
15633
51005
55613
20053
55718
20145
40489
22141
56663
1105
11503
56555
93772
16488
73123
63739
56730
28579
60802
96889
51955
30007
7261
92975
29828
84403
28570
14918
8280
68046
88030
5737
78292
48035
92817
94432
86121
55174
56944
56394
24695
34435
14279
3978
85673
69445
80629
69360
67946
35256
2607
3483
38705
92346
91094
52487
41486
88099
1654
9614
18766
17936
42366
92367
79055
42725
87903
35181
25194
2473
60559
33665
77969
75454
42102
92817
2833
95273
95198
9580
7396
73267
93216
24019
78376
48663
20254
97113
38258
56059
98716
81397
7390
96858
86920
40292
98605
47039
74074
25644
23622
30715
29866
5300
57181
35307
53863
10838
95317
4883
25415
81945
96325
29513
75517
57789
65961
14459
98193
59058
26146
71661
85234
47809
87480
2456
18736
35023
75207
19233
7761
27649
65930
68516
31728
88869
64741
15302
49976
49409
61163
67087
43525
2607
52635
90307
66561
24031
78925
26054
74918
11581
7599
88915
38115
56646
69036
18766
31319
79017
86125
38751
27165
57407
40980
42225
1240
95770
45749
87801
84439
96283
12477
33527
84038
16316
98412
66656
91687
54976
79196
67659
97007
51876
64912
75855
90536
8136
47249
49920
69041
90499
15425
29828
17299
36770
50570
49180
55255
31960
2452
12549
16348
59577
11594
31854
11519
72424
89078
47980
8784
96268
84113
91001
28660
0
75197
59364
74609
85995
95624
4407
59228
8512
50403
32291
46673
49681
98993
98765
31728
70026
29328
78885
42403
40965
73082
51396
95723
69011
97708
32568
93749
86017
62575
41296
6886
44202
72930
8944
41470
41167
78276
16203
78015
34602
28405
91776
87436
59356
83260
52427
32291
3855
51396
40287
78607
99440
91163
9063
19050
58173
23986
48368
21831
92281
94627
17029
32480
811
37854
57020
12699
41926
52509
32745
44632
34365
47066
36752
50011
15121
10751
30265
60171
95378
16203
28125
26984
27114
447
96269
45674
59494
79457
98286
67659
65872
12114
80247
85891
89606
67546
31960
73267
29064
29507
50909
75121
27664
87218
92075
7738
36849
8182
4484
40934
36785
18055
59616
98193
34147
30388
61530
17471
16805
56820
21068
59575
98412
46941
12014
82449
32914
48275
43457
98788
39743
80757
1476
34951
36349
73309
24458
49840
88844
30585
77033
12420
57137
80801
74375
34638
83806
98478
28307
77189
16467
6989
67646
18362
57849
15874
89585
91018
70759
89492
34817
82804
69966
83517
459
35943
27131
74020
70809
67539
98732
93735
81118
75638
50174
67770
86236
27521
94518
27343
28782
48883
47253
15254
2540
12847
18400
22332
95537
69304
83341
60296
66492
64741
74185
46914
20414
63858
87903
9119
48390
18441
37689
89225
16328
32557
43324
17049
29232
61638
70759
17587
42565
25693
40489
37913
94351
6099
69386
11417
93345
91721
76915
93292
75946
10896
47764
6126
66649
74020
92725
72965
92741
50626
82576
37514
87288
4970
12565
22196
55086
60901
59947
5612
41066
54811
1550
75603
65875
12185
84138
78556
6035
65219
43793
90557
23413
56646
19072
66132
15114
66561
87472
39023
72336
74972
94924
23732
46195
43881
58867
78188
2970
69477
35021
23520
49866
91968
84123
65363
23418
83000
98843
65930
23746
5794
91176
15425
26893
3921
14541
66829
25782
54419
47417
46382
84270
5098
52545
31935
10975
44219
13912
56428
26612
68148
85773
83021
74812
72563
2512
92067
36737
88846
11543
2296
11105
88552
53046
86094
53980
4709
92499
8212
42740
99996
58152
14689
60968
61703
33974
62166
5399
76403
6485
66074
12954
13451
74610
5693
53987
11966
87542
62491
23825
5693
76268
3510
56164
41469
25798
63705
32188
98302
85582
34298
146
48117
5174
31201
98185
43539
24019
14297
35809
29405
91244
99614
11894
97876
27223
96231
39870
98066
46305
73629
88926
73908
75958
73895
68131
54158
54338
44000
39208
84038
59841
65
82406
47122
66225
52548
21068
88443
32736
33943
67200
95195
57408
27414
58001
35460
53830
39666
37374
92105
88595
98057
90732
91495
95234
95770
36785
48328
1364
65875
94088
35880
39765
76570
32325
65143
92393
62596
20529
2858
46645
85564
45178
35745
46094
16250
84233
66259
94917
99068
12277
15103
37271
17999
7322
85234
93325
5098
32480
15217
44255
93959
93997
19341
2394
68631
86455
89963
18677
93552
60078
77334
28597
54749
67635
87364
99006
85404
24439
85644
34707
87288
15252
4102
20800
53233
15385
16061
27137
92512
26189
44142
12094
11043
19223
81118
34548
33546
95137
4441
20490
98716
6509
51598
58515
32736
30755
53117
29071
98457
16488
89265
55634
1250
9580
70071
65461
55370
41236
98844
87256
2082
26803
79609
4313
15113
8882
57386
42225
11287
64830
68939
39900
44430
72336
61757
6349
74609
22112
47217
