5428301
9103898
8424057
4282435
4960012
6565874
4074928
5189918
943649
6928666
3988226
6313273
9639918
5998748
4333507
2966586
2685736
1083070
8144111
6500066
4354306
9120271
4257791
6931657
6828709
6821453
8409111
5472586
8517092
4371195
9342525
1379183
4113178
1202974
1691880
3223675
9336934
8795683
8998575
1233763
1536250
664705
5452323
8011960
5189852
9988369
9733370
24653
1241385
25267
5656977
9009808
942975
7660439
2854675
5325999
6913565
8444521
3833591
3286565
5232659
5494822
9394164
1925378
1987435
1784428
5258178
6785355
781492
8730498
598074
6831999
6876259
5624585
7592013
5034711
3147340
7352545
8449462
3259611
5512067
3360026
6927719
6112141
2390837
6112229
9897662
2504983
7652648
4224562
8300429
3370407
2578292
3035678
4858131
9708940
807859
1926733
7417126
375772
1614909
7588747
6532379
641107
484494
5322301
1705352
8827657
7022947
9800359
2637176
2194396
1310826
8364952
4212814
5712043
4230455
9586581
6779123
9705794
4118184
6598478
6683002
2270748
8804512
4780519
6907688
386109
7214872
5944030
2638623
5953327
1472242
6100629
6165152
4259275
4876430
2656738
4178248
5817270
6624548
4983476
4986266
551460
2927973
8012821
8496004
7691552
9974131
1882218
1241385
424984
8864854
2826077
5689826
3040300
8135044
3048102
3270985
5161116
2514956
4308741
8627466
3990264
485325
1286185
1705696
7907831
8987402
3259129
403547
4306628
8300429
1252609
8014966
392414
6992583
4536492
6630912
8717128
2524398
9897662
8733050
4966878
3723592
5258178
1671469
4226181
6201992
7024993
8781407
4056234
5332486
8210372
484494
7933606
2781511
952548
4473121
4717438
6294557
978133
2606214
9634649
1881632
802664
4262371
3426755
2385938
5215270
9367455
3081990
8639708
3464627
1064354
8238150
3030072
8182871
4479376
8156225
5772760
3684433
5833265
6416645
140539
7368978
1605903
5584194
2390837
285371
6081524
3782637
2764550
5500457
4952157
3466411
8293186
5311144
4003670
8101388
6059320
625655
3710376
604293
7995382
1145116
2881667
8628930
1743367
2650752
2429382
6103087
8470170
7654579
6390558
1951869
4367061
3192814
7253896
7147124
2535258
1519957
9618007
2238775
4781855
3559990
2937717
6059206
6372611
6755341
5123068
1814396
7630893
3456284
8796624
1328231
2441771
469009
7864900
1494989
3518216
8639708
8506238
2687593
2646560
1575538
6003103
6048013
3671887
5440114
1642679
6893606
9291378
6768041
3147340
6207591
4442015
3878164
9338065
8014033
7010144
4137452
5721151
3905666
4078364
1207102
2052680
7222389
3529753
2688936
1303847
4821649
3075986
6059720
1682661
8123407
3532367
5332413
3223569
3166982
5166661
2335053
515481
1542793
6822801
453623
5395326
2334360
3089594
5689826
8532508
2168943
2720219
3148396
9854788
907576
6596077
6034329
9740598
7529695
7047407
9457040
6059320
6640889
2951246
5944030
8596881
2832469
4769358
4166399
3106529
4371195
2182539
5546698
1358407
4824978
3279147
2384721
2814400
3921189
1813663
5053356
3900189
727318
9234214
9185851
7653117
1842980
728191
7011234
1877384
6927095
875449
2874905
4218235
619042
1922048
4949646
5747454
283422
8966366
4374589
8492849
4328399
2659268
6051062
7689880
6077829
8618834
3831696
8137182
8377148
1161920
5025808
1543411
3256896
5074546
4124003
3550621
6549313
9266138
8758543
5520948
1060878
5892139
7473664
5568100
7638446
2624493
9271687
7884697
4881348
2042017
9703527
5531210
9538393
7368768
8442540
4394909
4724743
4577251
6032154
1394686
6887982
884924
3508725
6901222
1301872
1776161
3050735
5857596
8532508
233912
3526944
3726519
3093640
2950751
1567774
6171998
751720
4629849
7326210
6882187
683469
5681849
942835
3290492
4635423
265350
5074546
2121148
9814696
1391480
5944474
6305757
1402019
6376794
5274148
7612858
2053403
2099080
192021
3982263
9818157
5161173
2316691
4160526
6927719
5400364
513449
6501850
5602570
5239865
763825
9632299
4911701
9657795
1536250
4144488
7393672
6787293
9820393
5553225
1472819
2830576
808247
2085039
6163895
8074686
3997929
434630
1391480
9773546
9798865
8209401
7929742
6271297
7206899
3317448
2061792
8091989
6781267
4869609
4770958
3020126
9921737
935496
2352649
3833591
5508465
4442015
5568100
2985699
9770849
2152534
8213333
2545886
4827963
9782954
8351322
1463066
3131665
7983217
5669313
2942682
7010144
9326621
2270748
9954121
6126887
88805
211022
261200
1668683
7647028
2061792
3561376
7054233
304037
1571101
4797693
8999216
405572
2684706
513449
467644
8148382
4531232
4242777
2288981
4282435
8036346
9690682
2095564
764433
7569697
8795264
4037127
6475650
3483078
1432583
2674794
1690668
9980767
5119770
3616051
8585332
9850344
9203396
1880631
5860317
8538230
2345874
4200474
7140962
80021
932974
4864410
6809892
793335
9233817
8022303
1213054
6901222
8054045
5522162
3621794
772306
4044821
4669983
7372702
5086071
9448950
6670438
7791650
8270150
2674794
8703439
405572
8166464
1389754
7104926
8824356
4539076
1504156
7407010
5377935
7479677
5238564
9012912
2628101
1174275
3223675
1006365
6913565
3353395
8218622
6305467
1863778
5960641
1111098
6053526
6594233
3332593
7846986
5161173
8386109
9899509
9635333
9245618
772100
5370794
3759047
1401757
364017
7313488
4901141
4956001
5423213
1628277
8547953
9206946
4550442
5806983
681227
423305
3693903
2184363
6079800
3623283
5224887
9009808
762549
9781627
9705794
2415249
6713723
4898285
6493240
1954529
9010232
5965443
2415249
9697136
560643
8437849
1018465
9079190
8970868
100112
6573380
228189
8788790
3040531
4025689
9196381
9781627
1488942
2104800
2339388
9786651
4306628
2889220
5226413
8566729
2457240
1729907
1389754
844972
6930107
1937449
7838455
2967334
221686
8078668
2674794
3633680
4364245
918428
1543411
9167490
2497395
9920293
9291029
9873293
7726356
434630
5374478
2041120
1257014
1043607
2695598
1687718
1801812
3050735
6059320
1238328
7263591
3380316
8794552
5631714
3754733
4383684
6132095
4525002
8593497
5973053
4526356
4711392
8807343
2341727
7599099
240903
7715602
9369726
119795
17299
2211293
793335
3342748
2312547
2880191
9323236
318745
3360311
4470670
1126559
4960012
4138654
4652284
9185851
4902132
1842576
4198431
4810671
1029374
988217
5595422
8551798
5657453
1182556
9069939
3855818
9183890
1224523
5382631
1668683
2797044
5624585
5622016
285329
5026415
9236277
896519
6626732
1463066
512352
3696990
6289942
9256426
3062306
7691552
9727701
2732307
1829403
3382296
2055365
434570
6192902
6010971
2387726
4545248
4330850
3075986
5308589
6520384
7407010
1358407
9375644
179405
3138217
6199890
2211293
6390609
9497632
7650784
5716385
7298596
3725577
971797
8345764
398978
7214324
8712017
3935338
5485746
4509476
3451281
5161173
2076530
5232659
7365884
5041478
375772
9999994
9970744
5622016
7164381
973961
9337094
151284
8812283
6142750
8165245
5999099
8778979
9526647
288036
2889220
3751361
2352159
4966970
9210909
626647
1825084
6136003
4747973
3193132
5289130
2646371
1347368
7162460
6564761
8165245
2627791
5710955
551460
2949421
4225857
3832448
2194396
8148382
6165478
8062177
6891816
2862330
7965595
2471685
1543411
6726765
9055143
5098513
5817186
8795683
3684959
6668109
9070616
2877993
5402981
5629706
3526944
8881159
8340994
69914
1562968
553548
5434449
3050735
3518646
9415008
3892933
3359315
3449384
2052113
5071720
2864836
6229779
4374496
7445289
6112141
7694277
2140734
1017889
769785
4167087
8962627
1723450
2624493
360789
6294004
6532379
1628910
7255662
467472
6992583
3294115
6392436
1678040
5843195
9476547
4049095
4876689
229962
8617252
5892139
7283387
6223810
5037545
6568652
6967121
7653117
3643425
4891271
495862
508100
1713165
273202
4144151
7213922
5029291
2026269
7835125
1391480
2541044
24653
9084010
2637642
2634766
6358953
8365557
3262287
3170290
8062798
5822100
2243182
1387207
513449
1770208
6343119
9671476
1569073
4327500
2216962
4911666
894404
6273189
6830477
6732443
5966501
9661526
3277727
349678
9145210
4841695
7782861
1459531
7405418
8508271
6853866
8027694
5096475
4110822
1464759
5705663
1773874
3378551
640579
9007637
4118184
8888584
5025593
7108697
970969
9261296
5745200
677325
1749164
8257966
4629849
8613235
86804
5086910
6469017
6493240
6773700
5553225
5021502
8915809
6283049
3725577
8123724
4909443
5960641
432698
7967623
8753562
9731218
9860453
4144488
5185885
3383751
8743688
6147911
6136332
2873657
9140782
6786721
5901395
9675584
7147952
7627130
8919542
6749888
7601666
3631933
969706
4833937
6910919
5976876
7049837
4935799
6253724
9752279
4037127
6492189
4224931
1863229
4802240
5261843
4037127
1517610
9605906
7758847
8895566
4761455
5913873
2067847
7105761
9616267
495862
5733438
4099963
7248164
5404550
6754658
2485784
1693981
6400302
1916223
9083281
3983065
7238023
9879650
8167873
4214435
5196303
772100
2655437
5286570
351154
4137452
8311490
7173033
9974131
5325999
8011734
7299683
1573184
9514798
802717
7923049
80021
4394909
7275090
8360208
3309790
1951869
4776065
5602570
1961837
3318208
3997929
4491757
9577613
6520384
2741675
5655310
4773167
8825530
3069511
6252657
3290492
9487366
944383
4340862
6573365
9856057
1916223
6517813
5162699
4657426
1528642
797229
6253696
1354924
9889205
3010531
229453
2249293
7820180
5234497
255424
1083227
9189040
3391270
6716118
5500071
7142057
4034190
2564492
8481055
4481829
3290492
2216962
6271297
273202
8300122
6025323
6836880
8794022
1083070
5072314
1153419
5215016
5822748
7533152
177119
4503815
8391071
925919
4652284
355388
2865131
5328190
8878192
154775
426915
8887473
942017
1000895
1949761
9422394
566446
776465
8125777
8622328
9200047
1125332
605814
8469291
5187179
5494776
7464271
6253696
2168943
552811
2053403
8618834
7649554
5002117
6259330
9495955
3639556
4444354
3454963
3235442
5400881
6436306
2464707
8316540
2078539
3878184
2487840
2972241
9183698
2461247
9183698
802717
6370416
7104926
497024
8789034
9231757
7772718
6931657
932974
4955011
8191099
2235815
1411802
1993958
4056234
2660168
5123291
7657472
6205360
3037987
8068970
1897236
8426002
6831304
6028714
1219684
7226592
13033
5802730
9620961
2884390
6044673
7818284
3908078
2474913
3915771
873072
9763373
9670144
6709467
2048248
1507353
3649725
6611608
764433
8947495
9458847
8919542
5517255
4212326
8585332
9707814
8045046
1823183
9252976
3707249
1398401
4141507
46702
469822
8485687
8827657
9963108
3334754
2956030
7204787
6479758
5955670
275579
7968273
538852
8741635
9033149
3202231
2219910
2337187
7936539
6112229
5786466
8213333
8723770
851583
3943814
6820364
5712043
6747188
9719661
1725520
4780519
3299415
4695078
5075848
23268
6466143
4786012
7053995
3365999
2302806
2887406
6810304
1937449
2871782
732946
6079800
4669983
5003779
7283387
5982810
5428301
5789342
4164908
8078668
8331396
5390127
3988226
262163
9183698
819710
5825519
1982390
9644516
3391270
221686
1064354
5678109
1662877
5591853
4092464
6417104
8278951
9696818
7220343
121150
6695319
2520067
3741190
1841463
7474579
1443686
1023746
8266648
7317338
333167
3753832
7075296
2637176
4827963
1603906
7524665
4845403
3029070
3238983
333167
8042189
6519520
7498968
5780601
3575027
9369655
9658825
5700746
2551046
8803181
3596164
9510197
6340375
2914701
377632
7506356
5845996
8992606
8101388
7855216
9614481
8069891
5490537
1578750
9916044
2787579
2443585
1807269
2071070
2071070
5247682
3979641
6081969
8799025
4344477
9012630
8873201
7816021
364822
9056748
6871168
3089151
4988318
9722832
1432583
7337238
5494822
4597965
5802103
4966872
915813
4589125
3618407
6747701
7330294
2013945
762549
5161577
4242017
8309479
9314158
5625294
5294066
4515252
7182833
5531515
9069939
1507455
8561809
7014839
9332551
1501678
3924451
3069467
5182760
4053139
4137452
4765775
3555258
5502741
8960884
9606520
2695491
6289331
1801449
8010299
2769609
3750095
3526944
9265124
7334106
7962050
7353711
3988226
3617365
8944706
441074
4399901
4384451
2335053
8070780
3581467
8596786
2490891
9095198
9831017
432877
7702671
8404781
1855152
4347619
2299443
5521958
7336463
138756
2104800
445224
8776247
9899509
8804183
3214216
784060
229962
1466127
1234352
2706859
9744728
2249293
423689
8366972
5582542
3733855
5209749
8005203
6568129
481169
2635152
1126559
5512067
7475297
7449380
9095198
4121096
6199890
2095509
5825496
2067847
2353260
6294557
1673040
6760827
8350687
2338742
7630893
1567774
1832136
2155720
8547953
2290166
8351812
6899106
2684211
7110381
265350
9626237
5699269
9232138
7846986
1207102
9978903
6637657
151637
2710053
4965258
6198824
5745200
4688531
4137381
1867393
3879155
1322969
3263787
7627033
5418842
7089050
5189852
9192725
6168434
3185300
349905
1465730
3024498
9045652
6320537
4338339
6570775
3024498
2723107
1306674
7854839
9594506
9458847
2675930
8211113
6466143
3202231
9670144
1881632
2077381
4872506
2832469
8974082
5532467
8187370
6171397
5015651
534487
6899106
2507192
8949298
7630893
7349159
8508271
2475830
4084454
7677050
6820364
7054233
5119137
7696549
7320205
1194712
3639556
7212892
2095564
1088706
1715660
2433952
4308581
6004945
8947495
769785
878319
3040300
7107557
3347371
4869652
4434863
762549
9075575
2345496
9055958
7933727
1740748
4006737
6358338
1407735
7870051
6693118
1100516
6995617
9272438
389941
8308664
1059603
884924
3892105
2086685
3980488
6894465
6388318
7555364
3765318
6727365
1379183
8689517
5248983
8824356
2837296
8919542
4710386
1251467
6588902
5573409
9570615
8144111
9147814
1503278
8778603
8946500
9860453
1880305
4347619
6692623
6336855
4039490
1713165
668177
9588781
5967815
9985337
427200
1354924
5375266
6628255
9884738
2870654
4877605
5886627
8918844
9500255
1973986
6244014
2929938
9070616
4585029
7249070
7848810
9727360
2649115
2972318
3777568
7638211
6032154
3153564
7426120
1700218
6932298
7195837
9605906
5328739
7492637
1855152
9323236
6641430
6027161
4577222
7058691
9599228
7655028
8628546
6375000
5021502
1691880
7332276
4795540
1987198
8238539
495862
1582376
8596881
1689780
6395203
8111417
7887827
2487840
9288250
2251680
8825530
9562130
7475156
6823561
5805816
7611352
8772846
7950802
8156225
557421
4544529
6932505
3148166
5564573
638789
9409311
8011388
5453538
6500424
1738982
6302067
5543268
4527102
2976078
3583949
7791748
4296928
8949851
8758543
1237390
6910919
8934617
3921189
177119
7211982
7378479
3157650
9454388
7053342
2585425
8227598
4812300
1948265
2423034
3628561
9422394
1284891
4861133
1651297
2062023
5899892
580946
9349048
5502741
7284286
3325689
215504
6783453
8444306
2086613
8806646
1641673
4952430
3206960
6098385
1110105
9317421
3986189
9028503
9526647
1533264
7924088
154812
4481829
7362921
6804498
4765756
7585088
7748046
1251757
5793482
5264944
3923447
5681849
6992583
3312197
4519938
7154803
5398339
1027583
7281899
4365565
3841846
4006533
5726752
3311915
1205369
6645366
1657823
9754970
9690682
7768230
3399883
4944688
546214
1688156
7499145
6605170
8022303
1252609
7021468
6176497
1892800
3302178
6474612
9140126
3943814
252547
4503815
9985063
5953600
2335053
2593318
3369061
969763
6988421
1599470
2590411
7847535
8117357
126740
7378479
154077
3038100
7789897
8943624
6850424
4031888
9731483
7087847
6253724
8100033
9699610
5274148
5739573
4063570
1410243
1026783
8580330
6647508
8215773
7786453
2830576
3467671
7538692
3057916
8946500
9098939
2647058
7422467
3081990
7647028
6896602
2457448
171371
4685048
716187
1429575
2140734
9698071
2978865
411698
8008383
2476278
8444306
4501578
1954529
247554
336646
9892337
5080906
45849
7318030
560643
7773553
2148129
1775002
5783694
303515
400163
4827963
8998575
6854655
8090526
7257239
9312952
8442540
1878970
4911701
622435
9012630
3897343
8733050
713217
8589418
3705734
4832347
5527087
9382256
598074
6007116
8124594
9608476
7147192
9658825
2046670
3235110
9112309
7972833
8584946
9980767
138437
9592724
1593588
630978
7019446
7725401
1245840
5095672
1503278
9166520
1357824
9329993
1517610
5751719
7219096
7283841
3228837
3579154
8572885
3286565
2005151
6386836
3093640
8118090
7358784
9931463
153224
9751207
8244579
46702
8299562
4968249
1488942
5568199
7193260
8322519
2618611
682710
6145848
9223998
3900189
1471801
9736534
7033027
1584363
1719228
5100543
2550580
2699364
1693284
6395203
6907475
3148763
6150684
7230060
6257360
9655693
5100543
2740243
2030347
767395
5371489
4507153
4198408
2994735
2861327
2788638
7950005
4615563
8776247
4014934
8364356
7597933
5318682
8571039
8309479
7010144
7456361
9093953
2433952
2787579
5480832
6910919
318173
8266648
6947454
9461859
4183701
179405
8894711
91444
612810
8261996
3331486
4323897
3883959
4391989
5294066
6986349
7033027
8223904
9923878
8915809
7042619
1539308
8069891
4837568
5239050
9850342
1903352
3327715
7068393
9317426
723760
3896928
8217822
7963909
7594599
8640958
5698593
8166464
9632882
6887982
9513724
7327866
6751114
398978
2029024
6981991
7414651
5681849
1623968
4207914
7328482
549926
7916284
6199890
377632
8618834
7879108
5726752
1599470
226493
1476972
1275117
847687
3305124
4262371
1631344
2206339
5721963
3464840
1229990
5270543
5041831
1671117
8424088
7319220
3815785
9088867
2429630
5199008
8062798
4429156
5239783
3746698
6465627
5557970
3138081
1569073
5978383
121545
2659268
7054614
3304604
7861828
2202454
8787514
313117
2158546
6490126
5296973
8795684
9208983
723760
4412880
7492741
9862921
3466296
4308339
9543625
6830477
1926833
1722093
2716503
2972694
4800013
4635560
8952794
6882187
937229
474257
9085563
1885670
3405007
2953608
2695491
9287055
8144264
3602983
3458823
9166520
8720201
646733
680870
3673520
6294270
4446129
7139158
1835922
6640889
323597
6471653
1131587
8047180
5045386
916211
570061
739578
5121033
1768606
560675
9451973
4200474
8709300
5680427
3250502
7914027
1064354
5250690
6059206
9596434
9763681
2530236
6142788
5113265
1852436
7108697
8618621
7982578
19248
3870737
6154009
5091124
3842917
5420300
4722839
6136332
5534520
2282078
953882
2126136
2652380
8919542
9775783
6162244
5248075
3075986
3704055
2907686
4051584
7333190
7772718
1219684
1662661
7368768
5510375
2117173
4156656
2781616
1267364
154812
3832448
6814265
5397223
8717128
9095198
1507455
7593139
1107090
5348897
8685767
8480966
2280301
467971
8568376
9256611
9507386
1868771
1874370
7524665
952256
265195
2241810
2591736
9983997
7927853
6098066
2118831
8267602
4235942
3531461
1005401
5792905
2372324
7475901
2203777
3754733
9007637
7933509
8296301
4899738
8078210
5372354
7013134
8047180
8302017
2299443
1374488
3062661
3688100
973961
8173006
9000419
8136830
6120069
9829122
3575118
3081990
6920404
519391
1234352
4566387
725109
6817554
3774972
6332031
8134996
8409991
7999464
6065120
9279086
1609045
3778729
6048013
776465
9923878
3969390
3161163
6670438
8079070
6517813
8211113
1510826
9954121
4795975
2457668
9233817
7071352
2794201
8267602
4200753
8057228
2661264
5876358
7358784
5433159
5071720
5490930
3745886
2256997
8281046
178069
2649317
445164
1078939
8171453
6397321
6294270
4721146
959651
1033311
3054558
3628561
4898285
5967815
6249362
3469305
9318402
6500030
8516207
9883509
3827478
7056710
7533152
126740
950308
288578
1506787
4773840
9325221
1059603
7540138
2009916
769785
4715203
2804872
3308467
621975
5177377
9272438
627980
3464627
7332276
1569073
2695491
4206892
7694277
3037987
7405418
9155605
3731686
2570642
8916456
6832119
7758847
9628779
5182143
8689517
2764708
3089709
3177314
2183960
8627508
5688574
4088431
5453538
7482548
7921990
4320638
6681418
6122291
2572692
4384500
7567815
5316755
2052113
6652683
8194351
6792653
3360311
9550172
3024580
4633169
7037550
9037705
9478573
1815779
2033608
7708031
5383945
1628277
4227125
8117592
343357
8236211
7385966
9600376
6358953
120242
2740243
6305757
6564761
4851145
8505739
7870140
3509408
5790269
9185733
4153352
5261843
7825067
5062531
1483368
8552529
9082690
8923833
5965443
6813324
8036346
2909766
5067256
4509476
495862
5021502
534684
6893606
3615228
1593588
5098513
5752766
176429
9323236
104722
485325
335927
7376292
5833265
9424611
500524
4502000
2276502
5227434
7650784
8090190
5990454
1267364
3682797
6293341
4212195
6643943
2590411
4074928
4145973
2588504
4239348
229453
4747973
2545903
7830459
9608476
1145083
4833617
6577926
2007888
1122019
726260
8253238
8716875
9771536
3043796
5622669
8356809
9562130
3870317
4661016
5161173
3228837
6805908
4201794
8678239
9570336
9999994
5030440
6436306
7013169
8136
1464473
1949761
5469688
1574699
8227598
5243573
6364774
262163
1526651
7597933
1781869
711296
4201843
6031413
3206960
6817554
5002117
2710671
6565874
1138289
1662361
4911666
915570
3008190
1676963
24421
5512067
7588747
1134463
8542489
807859
9769029
1136407
313997
5373907
5264279
8229469
5264944
8795981
2394708
3167889
331050
8628546
2144704
5740708
1793504
6190205
151637
2624493
9075488
929348
512352
7789191
2764550
7026941
4336610
7329927
7508625
2094704
1682661
3057916
3720733
4219090
8069891
7725401
4383684
7989243
5783731
8458988
3865942
4376254
4310926
6674484
9076931
6693118
4211844
1207102
2940711
6719437
2321151
7376249
897765
7593139
794597
3733855
4153352
2286939
8782786
9963108
8596881
7916409
8589418
9097121
1452710
6201315
5282012
9020597
4715203
3169436
1316247
9672650
1578170
8825530
1083227
7354923
3277727
4966872
1987604
9461859
1120992
7121041
8173006
3180055
9487997
1564066
4107027
6423847
7011373
4580365
1041864
9937756
9319577
4472123
679395
9274488
7660439
3903344
950111
1903352
7081951
5256428
8324322
8044443
140539
9892337
5397223
375772
2585425
8312420
2373265
8118090
9757283
5657275
6576906
535257
7352178
8909422
1110105
860386
5124064
445224
6250498
4206892
8454796
8071439
2610473
7989757
6787293
9164421
6426752
963651
4225857
3532058
6958403
8982024
4966878
762549
432071
1083070
8557424
8585964
7752197
4320638
9800809
8539500
2350527
9902228
6087912
8407369
4931175
5624853
2686205
1581044
648300
8934617
916211
6958568
4798596
4546798
168727
1485985
2308956
5156831
5745766
8616609
4491757
8023598
4449514
2349975
8581049
9458903
1267812
266282
1029374
3847859
8005203
3416615
7544520
1728733
7972833
4014934
3764322
557421
5180677
4081410
4211874
775299
8166363
8341774
9450817
9396640
6596077
6145848
5044633
9382256
9139320
8205382
453119
3451281
9586722
595380
8556157
936551
288036
5205026
2324178
1510713
6494311
1136407
6109513
8982024
3106230
8613235
9007637
4899738
3293569
1052986
4966014
8880883
7081882
8332327
184563
8585964
7405418
9560103
2384721
989607
6190586
6836880
5196303
3024918
4915407
6927719
8134348
3029501
4327500
1243656
2237412
6219214
9719661
7026828
3342748
9233817
1399536
9037705
5386007
3130762
2899005
3296647
2011391
7703711
3933187
5307795
8261996
512058
6385037
4160526
5233055
9974131
3039875
3550621
1306674
2058540
2567519
5041131
8124594
6251764
7182833
3717963
8505739
351154
1839076
6611608
6199890
8726047
3508725
463762
4340483
3228837
2624244
9526395
3022452
4485067
7708031
8729807
1975943
9615691
8161420
3000679
9657566
3485872
8859825
7580968
7163096
9800359
7427356
895847
5672613
4063033
1059603
8485687
7776544
6639200
3872335
3399458
9503602
5817270
8478648
7929742
645544
4517719
3371945
9133871
3239397
4618792
3333036
2205162
3518216
796713
8234599
3180055
7001165
8056623
4786729
6336855
5450957
3835929
6879656
3020322
2810994
1446392
1923606
8101388
3997929
5710955
1476972
8536399
927967
5099972
6822801
9600376
5317967
379545
1464759
7088041
9806962
5037545
907576
4330850
8925298
5353402
7253044
6087310
6046918
1131635
9937756
652029
6753136
1725520
5631714
1091584
7131230
4323003
4160526
5423213
9159225
8275125
6000033
9596434
7283167
7719661
7103115
2599431
729145
7117910
1977794
1976130
1865583
5975916
7590716
9569443
3887208
4076947
1316559
5493022
2858947
1182481
9920663
7950632
1797597
2141548
8148670
763825
497024
8516207
2881667
7503871
673149
6142750
1506787
119795
5760291
1623968
476307
4433593
1252609
2603385
1851982
7105761
1228535
903963
2393544
8300429
8190182
5727103
8587350
6060234
1046419
9112090
8420852
5041831
1770263
9923878
5332413
1832244
1771246
680870
9228283
7491635
4178778
5827137
385564
7171611
5583149
9223998
5261843
325921
1174275
8940878
7980100
3213630
2433755
4543108
2797059
7377343
3179372
2622261
8405027
925919
377623
84134
1776682
2301233
1903381
4777176
3754038
7323735
6293341
4429156
8816639
8246000
8542489
9171309
8045808
7284286
9979435
4479376
6289942
3159928
3037987
8126521
7457981
1371065
5502741
3663973
8122097
1650427
9708940
9829865
4804534
7848810
7929742
9883509
9260891
5655310
3903344
9554706
9594506
4439127
5045386
5149538
7453683
7336463
2443585
3123922
1046419
1242654
7941534
4777743
478032
6638132
834611
7255662
6228522
5180677
2934192
6336855
4514925
2085321
9762141
5737730
6647508
6976877
4721146
6706031
4859984
7315410
3612449
1362531
9054555
4780519
786636
920487
9754514
2068860
6109513
714227
3093640
8200241
3854733
6998933
6836880
4015148
1587762
2288981
783163
3926127
2691226
3506368
5741880
3057916
6972122
2044025
9147456
9112090
7336463
7332276
2834523
5877136
6471193
9487366
5119770
7694277
164903
5695134
2624140
8705555
3791091
690580
262163
3428419
9933753
9039073
6475650
9082690
7634014
6601992
1941309
2290483
3900189
7019446
1451819
2005151
6356481
9184149
1574699
9383715
3469305
9871292
5515800
9185733
6475650
3331486
2866054
4390277
5606839
9611392
349678
5867097
4600400
1489330
391547
2972694
6134872
4920996
3921189
5700746
3711022
7763471
3997929
3602429
9829865
6787679
968315
9394164
7525315
6785615
141808
3720733
5153749
5273541
537880
4623443
1841699
2383309
1136176
968315
3449656
7102786
4871832
5226413
3147340
3456284
3847859
1728824
571648
4360069
5254129
1390072
7000797
7895635
7907429
2372324
230574
587734
6251764
3054800
2576529
851583
5644675
121545
9139320
5868971
819710
3767471
9011074
8949298
4031888
210892
4851145
4412880
6172673
6187080
1173218
3314360
6004945
8118090
4999410
5672613
6813668
2372324
305928
650969
5925811
467971
5568100
8943624
5224887
6894465
6044530
5822748
1770263
2041120
7077017
7453683
3024498
405572
488969
6259330
2688936
6869135
5109127
8589418
5950436
1903369
8409791
196863
7629694
2874027
6457718
988872
809223
5421318
6436440
577767
7304919
9707999
9890607
5273541
2991363
2231766
7698089
2235321
5699269
1875398
988872
3377025
1867560
8239223
7916284
4657426
7058691
8051059
1476972
4812752
4173431
5999099
7840929
6903186
7509465
9832265
3615228
7349973
8180115
4852676
2292189
3353406
5590889
5196303
1347368
1507455
7686188
7269650
8754352
9814696
4025097
9945847
9348054
6305467
2721266
2127444
4070409
1311518
7035410
9508631
1020988
8587934
3677279
7748046
6670438
2357375
2365526
9562332
4726263
1573184
1112429
2777275
1728824
7037982
5941021
1593417
2046670
4856085
618184
3364000
7113132
8712017
4082935
3934623
7611352
176429
9089162
2055365
844972
3940874
7058925
3508725
6978752
2494137
8271741
6843993
4766
8138376
1228717
5689826
9916861
6251764
6423847
386109
2260689
6594233
6694553
3988226
1993958
2352159
9799623
9043124
416015
5698593
7563221
4099963
9013339
3150857
5924414
8528372
2255456
6961267
6004945
1094889
9985779
4266837
237189
2224391
631615
1875398
2387726
6599288
2290166
4546510
354895
9228803
2194396
7791116
2834523
5604687
9670144
2556207
9921737
1882413
9781627
8974082
6334346
7330294
240391
6981991
3181394
6715142
8401543
8894711
8517092
9785863
5067783
8937236
1374488
5561827
9770849
24653
6052655
3739275
6700746
4087627
3484815
7504996
1019149
5096943
5737693
3370407
6336151
4589741
8122097
1578750
5052205
3717963
3188641
6385037
9503382
6734757
9786268
9538393
6302067
7778990
4907097
7140346
9069939
8167535
9008038
1018465
9167490
1867560
2578018
3596164
4394909
4713768
6799732
6034540
1470243
7897004
6962547
4745089
3127668
1364402
5224531
8962306
1649801
3505220
8745763
6692623
6786721
3690672
1000895
5621270
2055575
6915649
3374695
5258178
9055958
8064563
5739573
2527301
5584194
5797776
7402392
8888584
5874527
9644516
6092385
9502397
1406929
5722137
7627130
9279086
641276
8205382
7482548
9449081
1357824
2074676
3726590
7609333
8807435
1303847
6962547
2517971
208411
5696878
5383945
3129349
2859210
3711530
2753931
1241385
2484719
2030347
6981991
8853529
5542691
3550181
1585481
9918500
7215147
8852108
7678869
3873469
8947495
6092385
5998748
1715660
2265992
921091
6093476
8556157
1480758
2966586
7745911
4810053
133045
1671117
1010434
7468263
3759315
2194396
7499763
1558049
317275
4982012
4164908
5825519
8864854
8300781
4183327
5802103
687423
9696818
3888389
3964943
68940
3662615
5520948
7907831
2942682
8649160
2711206
6871168
4505602
325022
2806948
9526395
3591542
3359315
3759047
8156225
9502098
7631243
9349048
1587762
9183698
3156320
1414497
964162
4327500
5874527
3633680
1318017
9999978
3129349
5017316
2956533
3130762
5109127
9553916
9284514
3476670
7917385
4524024
539644
1638939
7586929
1443686
9918500
85916
1821183
1658997
2481297
2491537
7243607
8935629
9394116
875449
3908078
5743412
6810420
6945616
8419884
1094384
8949298
2956432
4053139
1976130
2414934
2067847
1243656
3707249
3733855
7725765
1017030
1571101
5025593
3188641
3823637
2862330
7058691
953882
2197189
2317872
6387390
7428010
8778979
3261596
8097671
1693981
3544379
4475127
7026245
5775200
3022452
3073343
8204333
2732307
9094806
5965443
2123160
2026860
8340015
5960081
9388331
6831999
6747188
5796785
8530985
6790100
9179350
2337187
7622075
9710856
4633104
9727701
5357993
2238375
1520472
2606608
6486557
2850758
5770887
2616821
8478648
3729774
8752048
3374211
6715142
7226592
5145374
3975091
4080420
1059511
8934617
7075160
4486926
1383159
483563
6035342
727318
9318484
4171791
6884024
5713878
2452411
3118807
2911409
71555
1571717
4810671
915570
4876430
1186201
7141634
8171648
8111417
1643121
7900292
1928680
7933727
5724899
5335083
9317426
7860753
2650752
2123160
1976130
1366813
8559427
5400364
4171145
9953710
6207591
239512
4888959
6294557
7166455
2681058
600826
8233995
8213333
6606229
9920293
1892095
8203055
7048210
9474766
7279866
4449514
7376292
1134463
8392510
2937717
8140239
7752197
4292830
6007116
8191898
100112
1574030
6961267
5472214
8234599
7081951
5466949
7902521
2366287
6305467
2016506
4409008
6047754
7799833
9297121
2954263
4004395
1353000
4133482
1471801
3977047
4054787
7323735
5264944
9234214
2248201
8071439
9873293
2311465
372873
1213054
8787293
3227664
6576906
2951246
3505220
7263837
9450817
1792396
2828548
7315410
8426002
2405070
1728824
4606061
7156436
3581560
8149922
5402981
4087627
8459741
3518216
9785863
2386061
7330294
938465
5008667
2422875
1925378
9383715
6813866
3459903
6289331
8043345
9655695
6330095
5343974
1362861
1279933
5576435
8726645
499470
4346262
4956771
7616118
1462239
4938868
5705580
1153419
5260569
9938847
3483078
5797776
2046039
8070780
1641229
3489547
1646326
42363
5402981
1357824
2097648
2517672
1345628
5123068
4151022
8044443
9228803
1885046
5399360
3690642
5953022
1732951
3713944
7354421
1107584
4394909
4968249
5217818
2901715
8240909
6500066
578310
8470468
4316642
7435583
4444529
8634642
8424057
2820984
8899008
8789034
4392258
8887473
6147454
1987604
121545
9114725
8205382
3720043
7848810
1725520
3307424
7133681
5198195
2695491
4308741
8254314
2150098
3622055
4385279
1485985
2121148
7440604
4359928
2527322
2424623
7656161
2850758
858844
4660658
5558803
4266837
9461859
6576044
788501
7766292
9416341
8188877
7341372
7811825
7735771
546780
396376
1347316
5109127
6040559
2872282
9667912
3389363
3222134
5740708
9762141
6021538
5067256
8393944
7835125
4026774
5489613
8640958
6887982
386109
3897343
4174334
8807706
1770208
1003400
6986349
1740852
6074749
6212404
9798865
5855378
8971769
8784392
9262423
539644
3898384
5455472
5490930
3774972
1867560
3024580
2005151
2653028
9577613
3614435
5833519
8919542
7368978
6336855
4550442
836079
2876058
315641
467971
809357
6013027
4390277
5485746
2870742
2124604
1490084
4078477
8902897
8892423
8136830
8790499
5296973
3564022
2333338
6387470
945733
8730498
1818498
9931078
2085039
3380178
8022303
7656004
2182539
4606061
404192
8507240
9073798
6690152
989607
8935943
537880
5296973
947295
1500040
7315410
2375462
3188641
988217
6044530
5468354
9608476
3841846
6289331
9187257
3015114
9643593
2828548
8726915
1379183
3870406
7657472
7436246
1863960
903963
1029374
9986577
3594058
2781029
8557142
3108493
5806983
5022166
5025808
7556992
5485746
5274148
9386713
2881822
3150857
5569753
58675
988217
6893606
727318
3089594
9579138
6744611
8547953
9577890
3602429
5296410
715140
8549073
6435064
3176118
1045115
2058540
4412880
4710823
7789191
5566073
8062772
7698089
2271039
7368655
8036346
88805
2373629
1731899
772306
6539072
9140750
4876689
8622328
9469676
942017
874269
4719825
2235815
9162967
3508725
8295761
4948636
2562951
9568653
5422711
8191898
4786012
6383289
902192
4479703
3667986
7426120
5119137
3505220
196863
889135
1386192
6747701
961249
8217822
3754733
2627791
7290385
4167415
6794632
9277608
9799623
422423
8737534
1803061
3784869
1993958
2123160
4799120
3781000
9369655
840888
229962
1818498
1922787
4029177
1039430
1801812
1309655
9184149
5817186
4098038
1939785
5710381
4543235
1628277
7343394
5802103
5322301
252547
4899738
6341301
7414651
8218622
2998009
6786721
8275125
6715083
8300429
7054631
7323270
8940325
4092331
4250763
287747
6200933
9458903
5961061
4524024
5370794
8502663
111917
5630059
3753832
3720860
9075488
6132095
3040300
9780342
2316207
9089162
3314360
4710598
1023746
2467493
3554359
3672823
1147809
9120271
8753562
6213617
3764298
1825779
1242654
8713863
8238335
6253040
7069360
3290879
6132095
7393166
6501850
2624244
3307424
2587353
6962751
5802103
8784392
4812300
4794582
7762966
3801041
3166982
664138
1251467
7263591
7024141
3383751
655795
6854655
8135109
8085721
9526647
1029374
3078035
4364245
3759047
4052178
8952794
2881667
8222233
7075296
4052178
632315
3699092
5173295
7272704
2280301
7879108
7544520
272735
6714295
7074959
8888584
1926833
2513641
3418817
9055554
7424728
1863450
3107063
1967210
5569753
8852108
6750131
4260721
365543
177117
6627490
7671094
3673520
2335053
7549045
1063591
4919031
3748862
6486557
4657426
3140694
1513506
7622075
3493034
6814732
1897236
8643137
4877029
8205382
5827137
7111099
6486002
4856988
1305643
6899671
118695
4303956
5395326
2141548
3226302
55220
3561376
2057782
4584080
3713944
5521958
6983897
7162460
4907914
7696549
5452323
4693275
9757283
4194809
8065915
4898285
4706880
5041478
425395
3854733
434630
634714
2950751
6796982
5285109
2978865
7351208
4092464
9732946
1930665
9483856
1396869
7603446
5479107
4478283
2606214
1575369
7001232
1219684
7172635
4195460
5633111
7819963
1682661
5294247
8424096
9860833
4005345
2425384
8617252
9600376
1041352
3402144
4765775
9733417
1488565
5214031
6397321
3878164
809223
2345970
8046299
8795981
9694354
6289942
3331486
6426752
242872
4948636
4390277
3774972
1695379
2828548
8138376
4706165
5591853
7769382
5632016
7056710
7546187
1806665
3614435
4074928
4390277
2833008
8972784
9553916
5248920
7727678
1690668
7567815
8204333
45849
7272613
6668109
8903993
9471142
237189
5107959
8407369
1298535
4739808
9187257
3148763
1213054
7181323
3802670
7552458
8791180
6048013
4931175
4923480
2055365
8187370
2706649
8885033
6912801
1394686
717358
6389627
5881018
5362028
1301872
787607
3979641
1019652
4851145
939752
6853738
3111001
4330999
6746043
6983367
6929042
6294270
4891658
2762542
1362531
8345764
5815681
2760291
2855734
8308664
7439241
6518971
6544522
529540
7791116
4579458
8435351
8987402
6926198
4970555
5653539
7701188
7540893
5425904
4505180
8422145
6386836
2270748
4012265
5752486
3045200
4137381
9198149
8213333
5173043
8587350
9206946
9272438
7457981
5067451
6386738
7138221
8935943
8300781
7255381
4726862
3900189
3810474
8596942
1657823
5904489
6568129
2265020
658403
1213054
3044543
4045625
492437
6504040
6087310
2293107
8758543
8118349
9458786
2762243
6801412
3757879
7844054
6713723
1621629
4876689
5881018
6589378
1954529
237189
8975274
4053139
3713944
8213333
4266837
4040518
1782743
616843
5825519
5089682
2817384
3746938
6142750
6064812
2048248
1187945
9920199
5254129
3407101
6084187
6627490
2747013
8716875
3615228
9019289
6253040
8010299
1609045
7647028
9216411
6276332
8663897
3062530
4124003
7594599
8234400
5108175
8049570
1465730
969763
2014547
5553225
1305643
5616345
5697212
5450996
9657795
6768041
6476634
8371203
4139856
8234599
7417126
758836
6912265
2030462
4911701
6480642
8389600
1592252
5703225
7621104
5113159
1135863
7781096
4151958
972313
2437176
5188065
6785615
4160785
3602983
8807343
69914
8804512
2917076
3547248
7407872
2393012
3089112
7864900
1689780
6390609
971797
3628156
6356481
9592666
9458903
8386790
4095792
1929431
5941837
4376254
4359353
9056748
8210372
7334318
7328061
9436233
5710381
440358
8057344
6369150
8029267
9669442
4822946
445164
9834974
5614014
3485872
3148396
1517610
7769382
9024623
5766820
4988318
7110381
769785
6471061
36854
6622365
6737537
6339221
3271122
9705794
8778603
2814692
8166363
9106788
2384721
2675930
4247819
8230660
6643943
4204746
9902228
895847
3781294
5047056
314303
3841846
2263648
8982987
4524024
5263235
9108332
950111
8181323
4472123
5246354
2959948
2011895
3177314
6013027
7145297
3878164
5583149
5944030
5913873
3067587
5328148
9932513
7511355
7081951
2216962
4301268
6929150
3044119
6885984
2075031
358381
4460237
9554706
2973244
1280440
8171453
5618886
78885
9832937
9738285
7494234
1398401
484494
8752040
3941773
6550135
6628255
529390
5769067
6760827
6492189
1479723
503928
6035342
4773167
2302806
8340614
1623968
4535223
4888952
738527
1083227
7855216
9367834
3854733
3297900
1358407
1110114
6314629
6814732
4282396
8300781
8056271
130276
9405152
884924
2649115
7773553
3898666
7077017
1781869
1763616
2976078
9158750
8325741
7377189
9166598
5022166
9655693
6664645
1203524
7908777
7666200
7549437
3896928
9085176
4383684
1251467
8119948
4398481
4968497
7837314
4010018
1507353
8816639
9149037
6466907
1700440
1961261
2874027
192021
9932513
9757968
8920381
2335053
1923606
3107186
9382256
9945847
8006176
1274024
8996971
2605271
1513222
3383771
9448950
4286015
7233511
8733506
5865148
9458847
3777568
3697008
809223
9329167
4924303
1930665
632315
2695025
1628910
3402144
8521212
7253044
9711098
7305456
4004395
2081173
767395
3453024
7182833
1203524
6383289
3015114
2879434
7917385
1059511
6986349
4544614
2052680
6028714
8454796
7638211
5737693
6986349
3156320
3050735
6961476
3193132
2951246
9142475
8426002
5520948
762591
9928180
2762542
8753562
8190182
7552458
6385037
9055958
2866054
8128635
7081951
9933753
9111957
1581577
2357783
2570642
1533537
86804
9769233
6096678
5422923
4392258
6257360
681227
7473664
6630912
5641220
2303734
24173
364017
7555364
3031096
7860545
5510284
7884386
320239
6011173
715280
8587350
9727360
1490084
985223
4031888
6399214
4359928
4266837
469822
4063033
893550
8299562
4710598
6136003
5332486
942565
5260569
7340609
6665842
8090526
6305981
1063591
4851145
9203455
58675
4812989
742894
2622144
6692623
8188079
2476278
7837314
3952595
1534396
3978117
9832937
3161163
9212186
9132727
521823
483837
7921662
291991
5705580
4505602
7741722
5303387
3734488
538288
9829856
7488425
5086071
6252657
6677177
3898666
7832538
5688574
6871270
8761794
9605906
7054614
8926297
9288122
8507240
537880
5236112
8309075
5724352
5318682
385410
8999327
9287499
9256426
5405029
373659
3958026
375478
288578
2630885
4412880
858264
2543081
3057291
5450996
9198554
6884640
8952659
9170742
1700440
7807449
5785313
8741883
5687585
4713768
6550135
2241810
9007637
2288981
2121148
242872
3626551
3295759
8399603
1867393
5737693
1766640
5697212
1748855
2301660
8596881
4167415
2587353
3024580
8409791
7840929
6356721
7662539
7939468
9508969
87794
2155720
1518570
4250763
6851359
762549
3953123
6314917
5996017
2446838
5148635
7085560
3741068
9166520
3509408
6377473
1385091
9454228
9336909
9140750
3669586
4776065
6801412
9266138
3888389
1871928
5595214
7659183
4606061
8280232
9736534
1662361
8500580
2395093
5789342
6863641
2741675
1873309
8918321
1212702
8712017
762331
9990210
6168434
3628156
3382296
6469017
9526395
3458647
452770
2695025
3161163
2216092
9124391
7162460
9447786
1953713
9187257
4195626
5108175
9140782
1803170
2281506
1928424
4856322
2508209
1083227
7216067
6436440
5713878
4092464
4997966
6334346
5357430
3179372
126740
7835125
5657453
4919031
9228803
2499250
8551798
4924303
5468084
467971
3688644
6658724
2491537
787400
1797597
7162460
4200146
7634450
3496369
6294270
7837314
5960081
5428301
6907248
2976078
2723960
6439624
6305467
284837
2299443
2140734
7212892
9508631
4178248
6252657
4777743
1371065
5355256
2781511
229962
8840897
3547914
8795683
8238150
4232989
681450
9634649
4306628
7284851
2817384
8751166
9202722
4861133
1529420
5868971
5797776
2159978
5480407
5660495
2942876
4161337
6911988
5302320
2667359
7791116
8940878
4475127
7169641
9570615
546780
8789034
7511331
6375335
6401418
8998575
2897693
7192730
8659699
8011734
8787293
6596164
7771154
8721550
3039875
8507287
7991216
4439315
716187
8257444
3711022
3192814
7114398
6997512
6885366
8537898
2691226
640579
5558803
894337
9711098
3443265
8397382
3497684
8864455
385410
2457112
873072
7741722
2840998
4966878
4623443
6309808
9423326
8109164
3249132
2316207
1256964
3138217
8601669
7535398
8992032
8909422
8576709
8749460
273202
3422696
1784428
3529218
3801041
9025927
5797290
507432
6929150
9881254
6309808
1314572
4230455
6919459
7855216
7139876
5008667
2091520
3307296
6034540
147985
6972122
179405
8057541
3030072
8144111
3378551
7372181
5843195
6223810
445164
7138005
8134348
7054233
45849
2721266
5080899
3352028
5127401
7360190
5793314
3315733
4044374
6251764
8774803
1637128
5135220
8271741
9274488
1390072
9284514
9113841
7991216
1324533
6369150
2585425
1145116
5180677
952256
5977431
3518216
3625189
8332017
3589367
5102572
3325689
3338781
1059770
9142475
7627130
683469
4981816
5983624
366519
4417248
3575118
7404884
4807049
9405152
1462239
68940
7220343
2851897
894363
9970744
4199597
1534396
9429534
9291378
277234
4199565
5460801
3424054
3904466
9916861
8401543
5693839
4968497
2649115
2684706
7850171
2729634
622238
8216941
6031413
6929042
5102572
2649115
2667359
1832244
5790269
4164517
7011373
7267030
5626982
8281046
5040175
6512089
4195460
2255456
8230660
9025927
4240306
6912796
9798160
7499053
4633104
3870737
9070616
4080420
9009808
2350937
568777
8253238
424984
1768606
6555839
4845488
8343235
8521422
2865440
3575027
5669313
6198824
8822027
5996017
3466411
1459844
802717
435146
3394636
3442030
9481819
5366615
2540476
5374478
8983889
6233274
3048102
9338777
3332593
8350687
9513577
5189918
9994727
6544027
4127494
935496
3795253
6536838
4166399
2948375
9495955
2765152
400104
8340015
8939914
4308339
4183357
7956951
5026415
3892933
5313286
7358947
9076003
9718579
2008711
2035694
9999994
8966366
4934587
454984
1958183
6550135
3213630
6253040
91444
2675392
7768310
9088867
9585882
3015114
5689826
4127494
6059320
2476098
5415709
7095213
2344277
6658724
9350826
9085563
8014033
1088836
4706880
622641
9960662
4010018
9889205
5311144
6592686
4678183
9124391
7542298
3089709
9413482
7290451
4898212
7760204
2211293
333498
4393295
6025323
6317280
128427
9627151
989607
3254920
3978655
8741635
8405027
5622669
1213054
7954485
3307424
66177
2177241
7689880
9825535
304037
492088
5044633
8101388
2874387
1088706
3514524
2787277
951781
4679435
6354687
3690642
5534520
2183701
427200
8501727
7691010
4506938
4156656
372873
4391989
4726862
5924414
3302018
9070735
5578514
2929938
5971947
6907248
9416341
8191202
2507299
2524542
1803061
5876358
728191
5512067
8750471
7212323
3933187
2682313
4438790
2125436
7768310
2877993
254568
4845488
9145210
5561827
